{"/Users/specter/Repos/hackerdreams/HackBCNCon/payment-platform/src/db/connection.js": {"path":"/Users/specter/Repos/hackerdreams/HackBCNCon/payment-platform/src/db/connection.js","statementMap":{"0":{"start":{"line":9,"column":19},"end":{"line":9,"column":49}},"1":{"start":{"line":10,"column":18},"end":{"line":10,"column":42}},"2":{"start":{"line":13,"column":15},"end":{"line":13,"column":90}},"3":{"start":{"line":14,"column":14},"end":{"line":14,"column":67}},"4":{"start":{"line":17,"column":16},"end":{"line":17,"column":36}},"5":{"start":{"line":18,"column":0},"end":{"line":20,"column":1}},"6":{"start":{"line":19,"column":2},"end":{"line":19,"column":45}},"7":{"start":{"line":23,"column":15},"end":{"line":25,"column":2}},"8":{"start":{"line":28,"column":0},"end":{"line":28,"column":36}},"9":{"start":{"line":29,"column":0},"end":{"line":29,"column":38}},"10":{"start":{"line":30,"column":0},"end":{"line":30,"column":38}},"11":{"start":{"line":31,"column":0},"end":{"line":31,"column":35}},"12":{"start":{"line":32,"column":0},"end":{"line":32,"column":37}},"13":{"start":{"line":35,"column":0},"end":{"line":37,"column":1}},"14":{"start":{"line":36,"column":2},"end":{"line":36,"column":36}},"15":{"start":{"line":39,"column":18},"end":{"line":39,"column":45}},"16":{"start":{"line":43,"column":2},"end":{"line":57,"column":3}},"17":{"start":{"line":44,"column":29},"end":{"line":44,"column":66}},"18":{"start":{"line":48,"column":4},"end":{"line":53,"column":5}},"19":{"start":{"line":49,"column":6},"end":{"line":49,"column":40}},"20":{"start":{"line":50,"column":6},"end":{"line":50,"column":60}},"21":{"start":{"line":52,"column":6},"end":{"line":52,"column":85}},"22":{"start":{"line":55,"column":4},"end":{"line":55,"column":60}},"23":{"start":{"line":56,"column":4},"end":{"line":56,"column":16}},"24":{"start":{"line":62,"column":2},"end":{"line":62,"column":17}},"25":{"start":{"line":66,"column":0},"end":{"line":69,"column":3}},"26":{"start":{"line":67,"column":2},"end":{"line":67,"column":18}},"27":{"start":{"line":68,"column":2},"end":{"line":68,"column":18}}},"fnMap":{"0":{"name":"runMigrations","decl":{"start":{"line":42,"column":22},"end":{"line":42,"column":35}},"loc":{"start":{"line":42,"column":38},"end":{"line":58,"column":1}},"line":42},"1":{"name":"closeDatabase","decl":{"start":{"line":61,"column":16},"end":{"line":61,"column":29}},"loc":{"start":{"line":61,"column":32},"end":{"line":63,"column":1}},"line":61},"2":{"name":"(anonymous_2)","decl":{"start":{"line":66,"column":21},"end":{"line":66,"column":22}},"loc":{"start":{"line":66,"column":27},"end":{"line":69,"column":1}},"line":66}},"branchMap":{"0":{"loc":{"start":{"line":13,"column":15},"end":{"line":13,"column":90}},"type":"binary-expr","locations":[{"start":{"line":13,"column":15},"end":{"line":13,"column":40}},{"start":{"line":13,"column":44},"end":{"line":13,"column":90}}],"line":13},"1":{"loc":{"start":{"line":14,"column":14},"end":{"line":14,"column":67}},"type":"binary-expr","locations":[{"start":{"line":14,"column":14},"end":{"line":14,"column":38}},{"start":{"line":14,"column":42},"end":{"line":14,"column":67}}],"line":14},"2":{"loc":{"start":{"line":18,"column":0},"end":{"line":20,"column":1}},"type":"if","locations":[{"start":{"line":18,"column":0},"end":{"line":20,"column":1}},{"start":{},"end":{}}],"line":18},"3":{"loc":{"start":{"line":24,"column":11},"end":{"line":24,"column":75}},"type":"cond-expr","locations":[{"start":{"line":24,"column":52},"end":{"line":24,"column":63}},{"start":{"line":24,"column":66},"end":{"line":24,"column":75}}],"line":24},"4":{"loc":{"start":{"line":35,"column":0},"end":{"line":37,"column":1}},"type":"if","locations":[{"start":{"line":35,"column":0},"end":{"line":37,"column":1}},{"start":{},"end":{}}],"line":35},"5":{"loc":{"start":{"line":48,"column":4},"end":{"line":53,"column":5}},"type":"if","locations":[{"start":{"line":48,"column":4},"end":{"line":53,"column":5}},{"start":{"line":51,"column":11},"end":{"line":53,"column":5}}],"line":48},"6":{"loc":{"start":{"line":48,"column":8},"end":{"line":48,"column":80}},"type":"binary-expr","locations":[{"start":{"line":48,"column":8},"end":{"line":48,"column":45}},{"start":{"line":48,"column":49},"end":{"line":48,"column":80}}],"line":48}},"s":{"0":0,"1":0,"2":0,"3":0,"4":0,"5":0,"6":0,"7":0,"8":0,"9":0,"10":0,"11":0,"12":0,"13":0,"14":0,"15":0,"16":0,"17":0,"18":0,"19":0,"20":0,"21":0,"22":0,"23":0,"24":0,"25":0,"26":0,"27":0},"f":{"0":0,"1":0,"2":0},"b":{"0":[0,0],"1":[0,0],"2":[0,0],"3":[0,0],"4":[0,0],"5":[0,0],"6":[0,0]}}
,"/Users/specter/Repos/hackerdreams/HackBCNCon/payment-platform/src/db/schema.js": {"path":"/Users/specter/Repos/hackerdreams/HackBCNCon/payment-platform/src/db/schema.js","statementMap":{"0":{"start":{"line":5,"column":22},"end":{"line":17,"column":2}},"1":{"start":{"line":20,"column":27},"end":{"line":33,"column":2}},"2":{"start":{"line":22,"column":58},"end":{"line":22,"column":67}},"3":{"start":{"line":36,"column":22},"end":{"line":55,"column":3}},"4":{"start":{"line":39,"column":58},"end":{"line":39,"column":67}},"5":{"start":{"line":51,"column":15},"end":{"line":55,"column":1}},"6":{"start":{"line":58,"column":23},"end":{"line":83,"column":3}},"7":{"start":{"line":61,"column":58},"end":{"line":61,"column":67}},"8":{"start":{"line":62,"column":69},"end":{"line":62,"column":83}},"9":{"start":{"line":63,"column":58},"end":{"line":63,"column":67}},"10":{"start":{"line":76,"column":15},"end":{"line":83,"column":1}},"11":{"start":{"line":86,"column":21},"end":{"line":97,"column":2}},"12":{"start":{"line":100,"column":30},"end":{"line":111,"column":2}},"13":{"start":{"line":102,"column":60},"end":{"line":102,"column":70}},"14":{"start":{"line":103,"column":48},"end":{"line":103,"column":56}},"15":{"start":{"line":114,"column":24},"end":{"line":123,"column":2}},"16":{"start":{"line":126,"column":26},"end":{"line":136,"column":3}},"17":{"start":{"line":128,"column":58},"end":{"line":128,"column":67}},"18":{"start":{"line":134,"column":15},"end":{"line":136,"column":1}}},"fnMap":{"0":{"name":"(anonymous_0)","decl":{"start":{"line":22,"column":52},"end":{"line":22,"column":53}},"loc":{"start":{"line":22,"column":58},"end":{"line":22,"column":67}},"line":22},"1":{"name":"(anonymous_1)","decl":{"start":{"line":39,"column":52},"end":{"line":39,"column":53}},"loc":{"start":{"line":39,"column":58},"end":{"line":39,"column":67}},"line":39},"2":{"name":"(anonymous_2)","decl":{"start":{"line":51,"column":3},"end":{"line":51,"column":4}},"loc":{"start":{"line":51,"column":15},"end":{"line":55,"column":1}},"line":51},"3":{"name":"(anonymous_3)","decl":{"start":{"line":61,"column":52},"end":{"line":61,"column":53}},"loc":{"start":{"line":61,"column":58},"end":{"line":61,"column":67}},"line":61},"4":{"name":"(anonymous_4)","decl":{"start":{"line":62,"column":63},"end":{"line":62,"column":64}},"loc":{"start":{"line":62,"column":69},"end":{"line":62,"column":83}},"line":62},"5":{"name":"(anonymous_5)","decl":{"start":{"line":63,"column":52},"end":{"line":63,"column":53}},"loc":{"start":{"line":63,"column":58},"end":{"line":63,"column":67}},"line":63},"6":{"name":"(anonymous_6)","decl":{"start":{"line":76,"column":3},"end":{"line":76,"column":4}},"loc":{"start":{"line":76,"column":15},"end":{"line":83,"column":1}},"line":76},"7":{"name":"(anonymous_7)","decl":{"start":{"line":102,"column":54},"end":{"line":102,"column":55}},"loc":{"start":{"line":102,"column":60},"end":{"line":102,"column":70}},"line":102},"8":{"name":"(anonymous_8)","decl":{"start":{"line":103,"column":42},"end":{"line":103,"column":43}},"loc":{"start":{"line":103,"column":48},"end":{"line":103,"column":56}},"line":103},"9":{"name":"(anonymous_9)","decl":{"start":{"line":128,"column":52},"end":{"line":128,"column":53}},"loc":{"start":{"line":128,"column":58},"end":{"line":128,"column":67}},"line":128},"10":{"name":"(anonymous_10)","decl":{"start":{"line":134,"column":3},"end":{"line":134,"column":4}},"loc":{"start":{"line":134,"column":15},"end":{"line":136,"column":1}},"line":134}},"branchMap":{},"s":{"0":0,"1":0,"2":0,"3":0,"4":0,"5":0,"6":0,"7":0,"8":0,"9":0,"10":0,"11":0,"12":0,"13":0,"14":0,"15":0,"16":0,"17":0,"18":0},"f":{"0":0,"1":0,"2":0,"3":0,"4":0,"5":0,"6":0,"7":0,"8":0,"9":0,"10":0},"b":{}}
,"/Users/specter/Repos/hackerdreams/HackBCNCon/payment-platform/src/middleware/auth.js": {"path":"/Users/specter/Repos/hackerdreams/HackBCNCon/payment-platform/src/middleware/auth.js","statementMap":{"0":{"start":{"line":13,"column":4},"end":{"line":60,"column":5}},"1":{"start":{"line":14,"column":25},"end":{"line":14,"column":50}},"2":{"start":{"line":16,"column":6},"end":{"line":22,"column":7}},"3":{"start":{"line":17,"column":8},"end":{"line":21,"column":11}},"4":{"start":{"line":24,"column":20},"end":{"line":24,"column":43}},"5":{"start":{"line":26,"column":22},"end":{"line":26,"column":63}},"6":{"start":{"line":29,"column":19},"end":{"line":33,"column":17}},"7":{"start":{"line":35,"column":6},"end":{"line":41,"column":7}},"8":{"start":{"line":36,"column":8},"end":{"line":40,"column":11}},"9":{"start":{"line":43,"column":6},"end":{"line":49,"column":8}},"10":{"start":{"line":51,"column":6},"end":{"line":51,"column":13}},"11":{"start":{"line":54,"column":6},"end":{"line":54,"column":54}},"12":{"start":{"line":55,"column":6},"end":{"line":59,"column":9}},"13":{"start":{"line":67,"column":4},"end":{"line":88,"column":6}},"14":{"start":{"line":68,"column":6},"end":{"line":74,"column":7}},"15":{"start":{"line":69,"column":8},"end":{"line":73,"column":11}},"16":{"start":{"line":76,"column":23},"end":{"line":76,"column":36}},"17":{"start":{"line":77,"column":27},"end":{"line":77,"column":65}},"18":{"start":{"line":79,"column":6},"end":{"line":85,"column":7}},"19":{"start":{"line":80,"column":8},"end":{"line":84,"column":11}},"20":{"start":{"line":87,"column":6},"end":{"line":87,"column":13}},"21":{"start":{"line":95,"column":4},"end":{"line":115,"column":6}},"22":{"start":{"line":96,"column":6},"end":{"line":102,"column":7}},"23":{"start":{"line":97,"column":8},"end":{"line":101,"column":11}},"24":{"start":{"line":104,"column":30},"end":{"line":104,"column":56}},"25":{"start":{"line":106,"column":6},"end":{"line":112,"column":7}},"26":{"start":{"line":107,"column":8},"end":{"line":111,"column":11}},"27":{"start":{"line":114,"column":6},"end":{"line":114,"column":13}},"28":{"start":{"line":122,"column":4},"end":{"line":196,"column":5}},"29":{"start":{"line":123,"column":19},"end":{"line":127,"column":17}},"30":{"start":{"line":129,"column":6},"end":{"line":135,"column":7}},"31":{"start":{"line":130,"column":8},"end":{"line":134,"column":10}},"32":{"start":{"line":137,"column":23},"end":{"line":137,"column":30}},"33":{"start":{"line":139,"column":6},"end":{"line":145,"column":7}},"34":{"start":{"line":140,"column":8},"end":{"line":144,"column":10}},"35":{"start":{"line":147,"column":28},"end":{"line":147,"column":81}},"36":{"start":{"line":149,"column":6},"end":{"line":155,"column":7}},"37":{"start":{"line":150,"column":8},"end":{"line":154,"column":10}},"38":{"start":{"line":158,"column":6},"end":{"line":164,"column":42}},"39":{"start":{"line":167,"column":20},"end":{"line":175,"column":7}},"40":{"start":{"line":177,"column":6},"end":{"line":187,"column":8}},"41":{"start":{"line":190,"column":6},"end":{"line":190,"column":46}},"42":{"start":{"line":191,"column":6},"end":{"line":195,"column":8}},"43":{"start":{"line":203,"column":4},"end":{"line":257,"column":5}},"44":{"start":{"line":204,"column":74},"end":{"line":204,"column":82}},"45":{"start":{"line":207,"column":27},"end":{"line":211,"column":17}},"46":{"start":{"line":213,"column":6},"end":{"line":219,"column":7}},"47":{"start":{"line":214,"column":8},"end":{"line":218,"column":10}},"48":{"start":{"line":222,"column":27},"end":{"line":222,"column":58}},"49":{"start":{"line":225,"column":22},"end":{"line":237,"column":20}},"50":{"start":{"line":239,"column":6},"end":{"line":248,"column":8}},"51":{"start":{"line":251,"column":6},"end":{"line":251,"column":53}},"52":{"start":{"line":252,"column":6},"end":{"line":256,"column":8}},"53":{"start":{"line":264,"column":4},"end":{"line":311,"column":5}},"54":{"start":{"line":265,"column":19},"end":{"line":269,"column":17}},"55":{"start":{"line":271,"column":6},"end":{"line":277,"column":7}},"56":{"start":{"line":272,"column":8},"end":{"line":276,"column":10}},"57":{"start":{"line":279,"column":28},"end":{"line":279,"column":87}},"58":{"start":{"line":281,"column":6},"end":{"line":287,"column":7}},"59":{"start":{"line":282,"column":8},"end":{"line":286,"column":10}},"60":{"start":{"line":289,"column":30},"end":{"line":289,"column":64}},"61":{"start":{"line":291,"column":6},"end":{"line":297,"column":37}},"62":{"start":{"line":299,"column":6},"end":{"line":302,"column":8}},"63":{"start":{"line":305,"column":6},"end":{"line":305,"column":58}},"64":{"start":{"line":306,"column":6},"end":{"line":310,"column":8}},"65":{"start":{"line":318,"column":4},"end":{"line":356,"column":5}},"66":{"start":{"line":319,"column":19},"end":{"line":331,"column":17}},"67":{"start":{"line":333,"column":6},"end":{"line":339,"column":7}},"68":{"start":{"line":334,"column":8},"end":{"line":338,"column":10}},"69":{"start":{"line":341,"column":6},"end":{"line":347,"column":8}},"70":{"start":{"line":350,"column":6},"end":{"line":350,"column":63}},"71":{"start":{"line":351,"column":6},"end":{"line":355,"column":8}}},"fnMap":{"0":{"name":"(anonymous_0)","decl":{"start":{"line":12,"column":2},"end":{"line":12,"column":3}},"loc":{"start":{"line":12,"column":44},"end":{"line":61,"column":3}},"line":12},"1":{"name":"(anonymous_1)","decl":{"start":{"line":66,"column":2},"end":{"line":66,"column":3}},"loc":{"start":{"line":66,"column":28},"end":{"line":89,"column":3}},"line":66},"2":{"name":"(anonymous_2)","decl":{"start":{"line":67,"column":11},"end":{"line":67,"column":12}},"loc":{"start":{"line":67,"column":31},"end":{"line":88,"column":5}},"line":67},"3":{"name":"(anonymous_3)","decl":{"start":{"line":94,"column":2},"end":{"line":94,"column":3}},"loc":{"start":{"line":94,"column":39},"end":{"line":116,"column":3}},"line":94},"4":{"name":"(anonymous_4)","decl":{"start":{"line":95,"column":11},"end":{"line":95,"column":12}},"loc":{"start":{"line":95,"column":31},"end":{"line":115,"column":5}},"line":95},"5":{"name":"(anonymous_5)","decl":{"start":{"line":121,"column":2},"end":{"line":121,"column":3}},"loc":{"start":{"line":121,"column":38},"end":{"line":197,"column":3}},"line":121},"6":{"name":"(anonymous_6)","decl":{"start":{"line":202,"column":2},"end":{"line":202,"column":3}},"loc":{"start":{"line":202,"column":41},"end":{"line":258,"column":3}},"line":202},"7":{"name":"(anonymous_7)","decl":{"start":{"line":263,"column":2},"end":{"line":263,"column":3}},"loc":{"start":{"line":263,"column":68},"end":{"line":312,"column":3}},"line":263},"8":{"name":"(anonymous_8)","decl":{"start":{"line":317,"column":2},"end":{"line":317,"column":3}},"loc":{"start":{"line":317,"column":38},"end":{"line":357,"column":3}},"line":317}},"branchMap":{"0":{"loc":{"start":{"line":16,"column":6},"end":{"line":22,"column":7}},"type":"if","locations":[{"start":{"line":16,"column":6},"end":{"line":22,"column":7}},{"start":{},"end":{}}],"line":16},"1":{"loc":{"start":{"line":16,"column":10},"end":{"line":16,"column":58}},"type":"binary-expr","locations":[{"start":{"line":16,"column":10},"end":{"line":16,"column":21}},{"start":{"line":16,"column":25},"end":{"line":16,"column":58}}],"line":16},"2":{"loc":{"start":{"line":35,"column":6},"end":{"line":41,"column":7}},"type":"if","locations":[{"start":{"line":35,"column":6},"end":{"line":41,"column":7}},{"start":{},"end":{}}],"line":35},"3":{"loc":{"start":{"line":35,"column":10},"end":{"line":35,"column":48}},"type":"binary-expr","locations":[{"start":{"line":35,"column":10},"end":{"line":35,"column":27}},{"start":{"line":35,"column":31},"end":{"line":35,"column":48}}],"line":35},"4":{"loc":{"start":{"line":48,"column":21},"end":{"line":48,"column":79}},"type":"cond-expr","locations":[{"start":{"line":48,"column":43},"end":{"line":48,"column":74}},{"start":{"line":48,"column":77},"end":{"line":48,"column":79}}],"line":48},"5":{"loc":{"start":{"line":68,"column":6},"end":{"line":74,"column":7}},"type":"if","locations":[{"start":{"line":68,"column":6},"end":{"line":74,"column":7}},{"start":{},"end":{}}],"line":68},"6":{"loc":{"start":{"line":77,"column":27},"end":{"line":77,"column":65}},"type":"cond-expr","locations":[{"start":{"line":77,"column":50},"end":{"line":77,"column":55}},{"start":{"line":77,"column":58},"end":{"line":77,"column":65}}],"line":77},"7":{"loc":{"start":{"line":79,"column":6},"end":{"line":85,"column":7}},"type":"if","locations":[{"start":{"line":79,"column":6},"end":{"line":85,"column":7}},{"start":{},"end":{}}],"line":79},"8":{"loc":{"start":{"line":96,"column":6},"end":{"line":102,"column":7}},"type":"if","locations":[{"start":{"line":96,"column":6},"end":{"line":102,"column":7}},{"start":{},"end":{}}],"line":96},"9":{"loc":{"start":{"line":104,"column":30},"end":{"line":104,"column":56}},"type":"binary-expr","locations":[{"start":{"line":104,"column":30},"end":{"line":104,"column":50}},{"start":{"line":104,"column":54},"end":{"line":104,"column":56}}],"line":104},"10":{"loc":{"start":{"line":106,"column":6},"end":{"line":112,"column":7}},"type":"if","locations":[{"start":{"line":106,"column":6},"end":{"line":112,"column":7}},{"start":{},"end":{}}],"line":106},"11":{"loc":{"start":{"line":106,"column":10},"end":{"line":106,"column":76}},"type":"binary-expr","locations":[{"start":{"line":106,"column":10},"end":{"line":106,"column":47}},{"start":{"line":106,"column":51},"end":{"line":106,"column":76}}],"line":106},"12":{"loc":{"start":{"line":129,"column":6},"end":{"line":135,"column":7}},"type":"if","locations":[{"start":{"line":129,"column":6},"end":{"line":135,"column":7}},{"start":{},"end":{}}],"line":129},"13":{"loc":{"start":{"line":139,"column":6},"end":{"line":145,"column":7}},"type":"if","locations":[{"start":{"line":139,"column":6},"end":{"line":145,"column":7}},{"start":{},"end":{}}],"line":139},"14":{"loc":{"start":{"line":149,"column":6},"end":{"line":155,"column":7}},"type":"if","locations":[{"start":{"line":149,"column":6},"end":{"line":155,"column":7}},{"start":{},"end":{}}],"line":149},"15":{"loc":{"start":{"line":185,"column":23},"end":{"line":185,"column":83}},"type":"cond-expr","locations":[{"start":{"line":185,"column":46},"end":{"line":185,"column":78}},{"start":{"line":185,"column":81},"end":{"line":185,"column":83}}],"line":185},"16":{"loc":{"start":{"line":204,"column":37},"end":{"line":204,"column":51}},"type":"default-arg","locations":[{"start":{"line":204,"column":44},"end":{"line":204,"column":51}}],"line":204},"17":{"loc":{"start":{"line":204,"column":53},"end":{"line":204,"column":69}},"type":"default-arg","locations":[{"start":{"line":204,"column":67},"end":{"line":204,"column":69}}],"line":204},"18":{"loc":{"start":{"line":213,"column":6},"end":{"line":219,"column":7}},"type":"if","locations":[{"start":{"line":213,"column":6},"end":{"line":219,"column":7}},{"start":{},"end":{}}],"line":213},"19":{"loc":{"start":{"line":271,"column":6},"end":{"line":277,"column":7}},"type":"if","locations":[{"start":{"line":271,"column":6},"end":{"line":277,"column":7}},{"start":{},"end":{}}],"line":271},"20":{"loc":{"start":{"line":281,"column":6},"end":{"line":287,"column":7}},"type":"if","locations":[{"start":{"line":281,"column":6},"end":{"line":287,"column":7}},{"start":{},"end":{}}],"line":281},"21":{"loc":{"start":{"line":333,"column":6},"end":{"line":339,"column":7}},"type":"if","locations":[{"start":{"line":333,"column":6},"end":{"line":339,"column":7}},{"start":{},"end":{}}],"line":333},"22":{"loc":{"start":{"line":345,"column":23},"end":{"line":345,"column":81}},"type":"cond-expr","locations":[{"start":{"line":345,"column":45},"end":{"line":345,"column":76}},{"start":{"line":345,"column":79},"end":{"line":345,"column":81}}],"line":345}},"s":{"0":0,"1":0,"2":0,"3":0,"4":0,"5":0,"6":0,"7":0,"8":0,"9":0,"10":0,"11":0,"12":0,"13":0,"14":0,"15":0,"16":0,"17":0,"18":0,"19":0,"20":0,"21":0,"22":0,"23":0,"24":0,"25":0,"26":0,"27":0,"28":0,"29":0,"30":0,"31":0,"32":0,"33":0,"34":0,"35":0,"36":0,"37":0,"38":0,"39":0,"40":0,"41":0,"42":0,"43":0,"44":0,"45":0,"46":0,"47":0,"48":0,"49":0,"50":0,"51":0,"52":0,"53":0,"54":0,"55":0,"56":0,"57":0,"58":0,"59":0,"60":0,"61":0,"62":0,"63":0,"64":0,"65":0,"66":0,"67":0,"68":0,"69":0,"70":0,"71":0},"f":{"0":0,"1":0,"2":0,"3":0,"4":0,"5":0,"6":0,"7":0,"8":0},"b":{"0":[0,0],"1":[0,0],"2":[0,0],"3":[0,0],"4":[0,0],"5":[0,0],"6":[0,0],"7":[0,0],"8":[0,0],"9":[0,0],"10":[0,0],"11":[0,0],"12":[0,0],"13":[0,0],"14":[0,0],"15":[0,0],"16":[0],"17":[0],"18":[0,0],"19":[0,0],"20":[0,0],"21":[0,0],"22":[0,0]}}
,"/Users/specter/Repos/hackerdreams/HackBCNCon/payment-platform/src/routes/admin.js": {"path":"/Users/specter/Repos/hackerdreams/HackBCNCon/payment-platform/src/routes/admin.js","statementMap":{"0":{"start":{"line":8,"column":15},"end":{"line":8,"column":31}},"1":{"start":{"line":11,"column":31},"end":{"line":21,"column":1}},"2":{"start":{"line":12,"column":17},"end":{"line":12,"column":38}},"3":{"start":{"line":13,"column":2},"end":{"line":19,"column":3}},"4":{"start":{"line":14,"column":4},"end":{"line":18,"column":7}},"5":{"start":{"line":20,"column":2},"end":{"line":20,"column":9}},"6":{"start":{"line":24,"column":0},"end":{"line":24,"column":27}},"7":{"start":{"line":29,"column":0},"end":{"line":126,"column":2}},"8":{"start":{"line":32,"column":4},"end":{"line":124,"column":5}},"9":{"start":{"line":41,"column":10},"end":{"line":80,"column":8}},"10":{"start":{"line":82,"column":28},"end":{"line":110,"column":7}},"11":{"start":{"line":93,"column":62},"end":{"line":102,"column":11}},"12":{"start":{"line":104,"column":43},"end":{"line":109,"column":9}},"13":{"start":{"line":112,"column":6},"end":{"line":115,"column":9}},"14":{"start":{"line":118,"column":6},"end":{"line":118,"column":58}},"15":{"start":{"line":119,"column":6},"end":{"line":123,"column":9}},"16":{"start":{"line":133,"column":0},"end":{"line":164,"column":2}},"17":{"start":{"line":136,"column":4},"end":{"line":162,"column":5}},"18":{"start":{"line":137,"column":49},"end":{"line":137,"column":58}},"19":{"start":{"line":139,"column":18},"end":{"line":139,"column":42}},"20":{"start":{"line":141,"column":6},"end":{"line":143,"column":7}},"21":{"start":{"line":142,"column":8},"end":{"line":142,"column":55}},"22":{"start":{"line":145,"column":25},"end":{"line":148,"column":33}},"23":{"start":{"line":150,"column":6},"end":{"line":153,"column":9}},"24":{"start":{"line":156,"column":6},"end":{"line":156,"column":56}},"25":{"start":{"line":157,"column":6},"end":{"line":161,"column":9}},"26":{"start":{"line":167,"column":0},"end":{"line":206,"column":2}},"27":{"start":{"line":179,"column":4},"end":{"line":204,"column":5}},"28":{"start":{"line":180,"column":24},"end":{"line":185,"column":7}},"29":{"start":{"line":187,"column":23},"end":{"line":190,"column":20}},"30":{"start":{"line":192,"column":6},"end":{"line":195,"column":9}},"31":{"start":{"line":198,"column":6},"end":{"line":198,"column":52}},"32":{"start":{"line":199,"column":6},"end":{"line":203,"column":9}},"33":{"start":{"line":213,"column":0},"end":{"line":249,"column":2}},"34":{"start":{"line":216,"column":4},"end":{"line":247,"column":5}},"35":{"start":{"line":217,"column":26},"end":{"line":217,"column":35}},"36":{"start":{"line":219,"column":18},"end":{"line":224,"column":60}},"37":{"start":{"line":226,"column":6},"end":{"line":228,"column":7}},"38":{"start":{"line":227,"column":8},"end":{"line":227,"column":72}},"39":{"start":{"line":230,"column":20},"end":{"line":230,"column":68}},"40":{"start":{"line":232,"column":6},"end":{"line":238,"column":9}},"41":{"start":{"line":234,"column":59},"end":{"line":237,"column":9}},"42":{"start":{"line":241,"column":6},"end":{"line":241,"column":65}},"43":{"start":{"line":242,"column":6},"end":{"line":246,"column":9}},"44":{"start":{"line":252,"column":0},"end":{"line":290,"column":2}},"45":{"start":{"line":264,"column":4},"end":{"line":288,"column":5}},"46":{"start":{"line":265,"column":29},"end":{"line":269,"column":7}},"47":{"start":{"line":271,"column":28},"end":{"line":274,"column":20}},"48":{"start":{"line":276,"column":6},"end":{"line":279,"column":9}},"49":{"start":{"line":282,"column":6},"end":{"line":282,"column":60}},"50":{"start":{"line":283,"column":6},"end":{"line":287,"column":9}},"51":{"start":{"line":297,"column":0},"end":{"line":348,"column":2}},"52":{"start":{"line":307,"column":4},"end":{"line":346,"column":5}},"53":{"start":{"line":308,"column":65},"end":{"line":308,"column":74}},"54":{"start":{"line":310,"column":18},"end":{"line":315,"column":55}},"55":{"start":{"line":317,"column":25},"end":{"line":317,"column":27}},"56":{"start":{"line":318,"column":6},"end":{"line":318,"column":61}},"57":{"start":{"line":318,"column":18},"end":{"line":318,"column":61}},"58":{"start":{"line":319,"column":6},"end":{"line":319,"column":74}},"59":{"start":{"line":319,"column":19},"end":{"line":319,"column":74}},"60":{"start":{"line":320,"column":6},"end":{"line":320,"column":75}},"61":{"start":{"line":320,"column":17},"end":{"line":320,"column":75}},"62":{"start":{"line":322,"column":6},"end":{"line":324,"column":7}},"63":{"start":{"line":323,"column":8},"end":{"line":323,"column":48}},"64":{"start":{"line":326,"column":25},"end":{"line":329,"column":33}},"65":{"start":{"line":331,"column":6},"end":{"line":337,"column":9}},"66":{"start":{"line":333,"column":54},"end":{"line":336,"column":9}},"67":{"start":{"line":340,"column":6},"end":{"line":340,"column":56}},"68":{"start":{"line":341,"column":6},"end":{"line":345,"column":9}},"69":{"start":{"line":351,"column":0},"end":{"line":399,"column":2}},"70":{"start":{"line":354,"column":4},"end":{"line":397,"column":5}},"71":{"start":{"line":355,"column":22},"end":{"line":355,"column":50}},"72":{"start":{"line":357,"column":27},"end":{"line":365,"column":36}},"73":{"start":{"line":367,"column":6},"end":{"line":373,"column":7}},"74":{"start":{"line":368,"column":8},"end":{"line":372,"column":11}},"75":{"start":{"line":375,"column":20},"end":{"line":375,"column":41}},"76":{"start":{"line":376,"column":20},"end":{"line":376,"column":41}},"77":{"start":{"line":377,"column":27},"end":{"line":379,"column":38}},"78":{"start":{"line":378,"column":26},"end":{"line":378,"column":40}},"79":{"start":{"line":379,"column":23},"end":{"line":379,"column":37}},"80":{"start":{"line":381,"column":6},"end":{"line":388,"column":9}},"81":{"start":{"line":391,"column":6},"end":{"line":391,"column":66}},"82":{"start":{"line":392,"column":6},"end":{"line":396,"column":9}},"83":{"start":{"line":406,"column":0},"end":{"line":454,"column":2}},"84":{"start":{"line":415,"column":4},"end":{"line":452,"column":5}},"85":{"start":{"line":416,"column":46},"end":{"line":416,"column":55}},"86":{"start":{"line":418,"column":18},"end":{"line":427,"column":59}},"87":{"start":{"line":429,"column":25},"end":{"line":429,"column":27}},"88":{"start":{"line":430,"column":6},"end":{"line":430,"column":78}},"89":{"start":{"line":430,"column":19},"end":{"line":430,"column":78}},"90":{"start":{"line":431,"column":6},"end":{"line":431,"column":70}},"91":{"start":{"line":431,"column":21},"end":{"line":431,"column":70}},"92":{"start":{"line":432,"column":6},"end":{"line":432,"column":66}},"93":{"start":{"line":432,"column":19},"end":{"line":432,"column":66}},"94":{"start":{"line":434,"column":6},"end":{"line":436,"column":7}},"95":{"start":{"line":435,"column":8},"end":{"line":435,"column":48}},"96":{"start":{"line":438,"column":24},"end":{"line":438,"column":66}},"97":{"start":{"line":440,"column":6},"end":{"line":443,"column":9}},"98":{"start":{"line":446,"column":6},"end":{"line":446,"column":67}},"99":{"start":{"line":447,"column":6},"end":{"line":451,"column":9}},"100":{"start":{"line":457,"column":0},"end":{"line":526,"column":2}},"101":{"start":{"line":468,"column":4},"end":{"line":524,"column":5}},"102":{"start":{"line":469,"column":69},"end":{"line":469,"column":78}},"103":{"start":{"line":471,"column":18},"end":{"line":480,"column":60}},"104":{"start":{"line":482,"column":25},"end":{"line":482,"column":27}},"105":{"start":{"line":483,"column":6},"end":{"line":483,"column":69}},"106":{"start":{"line":483,"column":19},"end":{"line":483,"column":69}},"107":{"start":{"line":484,"column":6},"end":{"line":484,"column":82}},"108":{"start":{"line":484,"column":19},"end":{"line":484,"column":82}},"109":{"start":{"line":485,"column":6},"end":{"line":485,"column":97}},"110":{"start":{"line":485,"column":33},"end":{"line":485,"column":97}},"111":{"start":{"line":487,"column":6},"end":{"line":489,"column":7}},"112":{"start":{"line":488,"column":8},"end":{"line":488,"column":48}},"113":{"start":{"line":491,"column":19},"end":{"line":494,"column":33}},"114":{"start":{"line":496,"column":6},"end":{"line":515,"column":9}},"115":{"start":{"line":498,"column":75},"end":{"line":514,"column":9}},"116":{"start":{"line":518,"column":6},"end":{"line":518,"column":67}},"117":{"start":{"line":519,"column":6},"end":{"line":523,"column":9}},"118":{"start":{"line":533,"column":0},"end":{"line":565,"column":2}},"119":{"start":{"line":536,"column":4},"end":{"line":563,"column":5}},"120":{"start":{"line":537,"column":24},"end":{"line":546,"column":51}},"121":{"start":{"line":548,"column":6},"end":{"line":554,"column":9}},"122":{"start":{"line":550,"column":40},"end":{"line":553,"column":9}},"123":{"start":{"line":557,"column":6},"end":{"line":557,"column":54}},"124":{"start":{"line":558,"column":6},"end":{"line":562,"column":9}},"125":{"start":{"line":570,"column":0},"end":{"line":609,"column":3}},"126":{"start":{"line":571,"column":2},"end":{"line":608,"column":5}}},"fnMap":{"0":{"name":"(anonymous_0)","decl":{"start":{"line":11,"column":31},"end":{"line":11,"column":32}},"loc":{"start":{"line":11,"column":51},"end":{"line":21,"column":1}},"line":11},"1":{"name":"(anonymous_1)","decl":{"start":{"line":31,"column":2},"end":{"line":31,"column":3}},"loc":{"start":{"line":31,"column":22},"end":{"line":125,"column":3}},"line":31},"2":{"name":"(anonymous_2)","decl":{"start":{"line":93,"column":35},"end":{"line":93,"column":36}},"loc":{"start":{"line":93,"column":62},"end":{"line":102,"column":11}},"line":93},"3":{"name":"(anonymous_3)","decl":{"start":{"line":104,"column":33},"end":{"line":104,"column":34}},"loc":{"start":{"line":104,"column":43},"end":{"line":109,"column":9}},"line":104},"4":{"name":"(anonymous_4)","decl":{"start":{"line":135,"column":2},"end":{"line":135,"column":3}},"loc":{"start":{"line":135,"column":22},"end":{"line":163,"column":3}},"line":135},"5":{"name":"(anonymous_5)","decl":{"start":{"line":178,"column":2},"end":{"line":178,"column":3}},"loc":{"start":{"line":178,"column":22},"end":{"line":205,"column":3}},"line":178},"6":{"name":"(anonymous_6)","decl":{"start":{"line":215,"column":2},"end":{"line":215,"column":3}},"loc":{"start":{"line":215,"column":22},"end":{"line":248,"column":3}},"line":215},"7":{"name":"(anonymous_7)","decl":{"start":{"line":234,"column":31},"end":{"line":234,"column":32}},"loc":{"start":{"line":234,"column":59},"end":{"line":237,"column":9}},"line":234},"8":{"name":"(anonymous_8)","decl":{"start":{"line":263,"column":2},"end":{"line":263,"column":3}},"loc":{"start":{"line":263,"column":22},"end":{"line":289,"column":3}},"line":263},"9":{"name":"(anonymous_9)","decl":{"start":{"line":306,"column":2},"end":{"line":306,"column":3}},"loc":{"start":{"line":306,"column":22},"end":{"line":347,"column":3}},"line":306},"10":{"name":"(anonymous_10)","decl":{"start":{"line":333,"column":31},"end":{"line":333,"column":32}},"loc":{"start":{"line":333,"column":54},"end":{"line":336,"column":9}},"line":333},"11":{"name":"(anonymous_11)","decl":{"start":{"line":353,"column":2},"end":{"line":353,"column":3}},"loc":{"start":{"line":353,"column":22},"end":{"line":398,"column":3}},"line":353},"12":{"name":"(anonymous_12)","decl":{"start":{"line":378,"column":16},"end":{"line":378,"column":17}},"loc":{"start":{"line":378,"column":26},"end":{"line":378,"column":40}},"line":378},"13":{"name":"(anonymous_13)","decl":{"start":{"line":379,"column":13},"end":{"line":379,"column":14}},"loc":{"start":{"line":379,"column":23},"end":{"line":379,"column":37}},"line":379},"14":{"name":"(anonymous_14)","decl":{"start":{"line":414,"column":2},"end":{"line":414,"column":3}},"loc":{"start":{"line":414,"column":22},"end":{"line":453,"column":3}},"line":414},"15":{"name":"(anonymous_15)","decl":{"start":{"line":467,"column":2},"end":{"line":467,"column":3}},"loc":{"start":{"line":467,"column":22},"end":{"line":525,"column":3}},"line":467},"16":{"name":"(anonymous_16)","decl":{"start":{"line":498,"column":33},"end":{"line":498,"column":34}},"loc":{"start":{"line":498,"column":75},"end":{"line":514,"column":9}},"line":498},"17":{"name":"(anonymous_17)","decl":{"start":{"line":535,"column":2},"end":{"line":535,"column":3}},"loc":{"start":{"line":535,"column":22},"end":{"line":564,"column":3}},"line":535},"18":{"name":"(anonymous_18)","decl":{"start":{"line":550,"column":29},"end":{"line":550,"column":30}},"loc":{"start":{"line":550,"column":40},"end":{"line":553,"column":9}},"line":550},"19":{"name":"(anonymous_19)","decl":{"start":{"line":570,"column":20},"end":{"line":570,"column":21}},"loc":{"start":{"line":570,"column":34},"end":{"line":609,"column":1}},"line":570}},"branchMap":{"0":{"loc":{"start":{"line":13,"column":2},"end":{"line":19,"column":3}},"type":"if","locations":[{"start":{"line":13,"column":2},"end":{"line":19,"column":3}},{"start":{},"end":{}}],"line":13},"1":{"loc":{"start":{"line":86,"column":24},"end":{"line":86,"column":50}},"type":"binary-expr","locations":[{"start":{"line":86,"column":24},"end":{"line":86,"column":45}},{"start":{"line":86,"column":49},"end":{"line":86,"column":50}}],"line":86},"2":{"loc":{"start":{"line":88,"column":26},"end":{"line":90,"column":15}},"type":"cond-expr","locations":[{"start":{"line":89,"column":14},"end":{"line":89,"column":82}},{"start":{"line":90,"column":14},"end":{"line":90,"column":15}}],"line":88},"3":{"loc":{"start":{"line":108,"column":19},"end":{"line":108,"column":37}},"type":"binary-expr","locations":[{"start":{"line":108,"column":19},"end":{"line":108,"column":32}},{"start":{"line":108,"column":36},"end":{"line":108,"column":37}}],"line":108},"4":{"loc":{"start":{"line":137,"column":22},"end":{"line":137,"column":32}},"type":"default-arg","locations":[{"start":{"line":137,"column":30},"end":{"line":137,"column":32}}],"line":137},"5":{"loc":{"start":{"line":137,"column":34},"end":{"line":137,"column":44}},"type":"default-arg","locations":[{"start":{"line":137,"column":43},"end":{"line":137,"column":44}}],"line":137},"6":{"loc":{"start":{"line":141,"column":6},"end":{"line":143,"column":7}},"type":"if","locations":[{"start":{"line":141,"column":6},"end":{"line":143,"column":7}},{"start":{},"end":{}}],"line":141},"7":{"loc":{"start":{"line":226,"column":6},"end":{"line":228,"column":7}},"type":"if","locations":[{"start":{"line":226,"column":6},"end":{"line":228,"column":7}},{"start":{},"end":{}}],"line":226},"8":{"loc":{"start":{"line":308,"column":38},"end":{"line":308,"column":48}},"type":"default-arg","locations":[{"start":{"line":308,"column":46},"end":{"line":308,"column":48}}],"line":308},"9":{"loc":{"start":{"line":308,"column":50},"end":{"line":308,"column":60}},"type":"default-arg","locations":[{"start":{"line":308,"column":59},"end":{"line":308,"column":60}}],"line":308},"10":{"loc":{"start":{"line":318,"column":6},"end":{"line":318,"column":61}},"type":"if","locations":[{"start":{"line":318,"column":6},"end":{"line":318,"column":61}},{"start":{},"end":{}}],"line":318},"11":{"loc":{"start":{"line":319,"column":6},"end":{"line":319,"column":74}},"type":"if","locations":[{"start":{"line":319,"column":6},"end":{"line":319,"column":74}},{"start":{},"end":{}}],"line":319},"12":{"loc":{"start":{"line":320,"column":6},"end":{"line":320,"column":75}},"type":"if","locations":[{"start":{"line":320,"column":6},"end":{"line":320,"column":75}},{"start":{},"end":{}}],"line":320},"13":{"loc":{"start":{"line":322,"column":6},"end":{"line":324,"column":7}},"type":"if","locations":[{"start":{"line":322,"column":6},"end":{"line":324,"column":7}},{"start":{},"end":{}}],"line":322},"14":{"loc":{"start":{"line":367,"column":6},"end":{"line":373,"column":7}},"type":"if","locations":[{"start":{"line":367,"column":6},"end":{"line":373,"column":7}},{"start":{},"end":{}}],"line":367},"15":{"loc":{"start":{"line":430,"column":6},"end":{"line":430,"column":78}},"type":"if","locations":[{"start":{"line":430,"column":6},"end":{"line":430,"column":78}},{"start":{},"end":{}}],"line":430},"16":{"loc":{"start":{"line":431,"column":6},"end":{"line":431,"column":70}},"type":"if","locations":[{"start":{"line":431,"column":6},"end":{"line":431,"column":70}},{"start":{},"end":{}}],"line":431},"17":{"loc":{"start":{"line":432,"column":6},"end":{"line":432,"column":66}},"type":"if","locations":[{"start":{"line":432,"column":6},"end":{"line":432,"column":66}},{"start":{},"end":{}}],"line":432},"18":{"loc":{"start":{"line":434,"column":6},"end":{"line":436,"column":7}},"type":"if","locations":[{"start":{"line":434,"column":6},"end":{"line":436,"column":7}},{"start":{},"end":{}}],"line":434},"19":{"loc":{"start":{"line":469,"column":41},"end":{"line":469,"column":52}},"type":"default-arg","locations":[{"start":{"line":469,"column":49},"end":{"line":469,"column":52}}],"line":469},"20":{"loc":{"start":{"line":469,"column":54},"end":{"line":469,"column":64}},"type":"default-arg","locations":[{"start":{"line":469,"column":63},"end":{"line":469,"column":64}}],"line":469},"21":{"loc":{"start":{"line":483,"column":6},"end":{"line":483,"column":69}},"type":"if","locations":[{"start":{"line":483,"column":6},"end":{"line":483,"column":69}},{"start":{},"end":{}}],"line":483},"22":{"loc":{"start":{"line":484,"column":6},"end":{"line":484,"column":82}},"type":"if","locations":[{"start":{"line":484,"column":6},"end":{"line":484,"column":82}},{"start":{},"end":{}}],"line":484},"23":{"loc":{"start":{"line":485,"column":6},"end":{"line":485,"column":97}},"type":"if","locations":[{"start":{"line":485,"column":6},"end":{"line":485,"column":97}},{"start":{},"end":{}}],"line":485},"24":{"loc":{"start":{"line":487,"column":6},"end":{"line":489,"column":7}},"type":"if","locations":[{"start":{"line":487,"column":6},"end":{"line":489,"column":7}},{"start":{},"end":{}}],"line":487},"25":{"loc":{"start":{"line":500,"column":18},"end":{"line":504,"column":18}},"type":"cond-expr","locations":[{"start":{"line":500,"column":27},"end":{"line":504,"column":11}},{"start":{"line":504,"column":14},"end":{"line":504,"column":18}}],"line":500},"26":{"loc":{"start":{"line":505,"column":17},"end":{"line":508,"column":18}},"type":"cond-expr","locations":[{"start":{"line":505,"column":25},"end":{"line":508,"column":11}},{"start":{"line":508,"column":14},"end":{"line":508,"column":18}}],"line":505},"27":{"loc":{"start":{"line":509,"column":17},"end":{"line":513,"column":18}},"type":"cond-expr","locations":[{"start":{"line":509,"column":31},"end":{"line":513,"column":11}},{"start":{"line":513,"column":14},"end":{"line":513,"column":18}}],"line":509},"28":{"loc":{"start":{"line":552,"column":23},"end":{"line":552,"column":79}},"type":"cond-expr","locations":[{"start":{"line":552,"column":44},"end":{"line":552,"column":74}},{"start":{"line":552,"column":77},"end":{"line":552,"column":79}}],"line":552}},"s":{"0":0,"1":0,"2":0,"3":0,"4":0,"5":0,"6":0,"7":0,"8":0,"9":0,"10":0,"11":0,"12":0,"13":0,"14":0,"15":0,"16":0,"17":0,"18":0,"19":0,"20":0,"21":0,"22":0,"23":0,"24":0,"25":0,"26":0,"27":0,"28":0,"29":0,"30":0,"31":0,"32":0,"33":0,"34":0,"35":0,"36":0,"37":0,"38":0,"39":0,"40":0,"41":0,"42":0,"43":0,"44":0,"45":0,"46":0,"47":0,"48":0,"49":0,"50":0,"51":0,"52":0,"53":0,"54":0,"55":0,"56":0,"57":0,"58":0,"59":0,"60":0,"61":0,"62":0,"63":0,"64":0,"65":0,"66":0,"67":0,"68":0,"69":0,"70":0,"71":0,"72":0,"73":0,"74":0,"75":0,"76":0,"77":0,"78":0,"79":0,"80":0,"81":0,"82":0,"83":0,"84":0,"85":0,"86":0,"87":0,"88":0,"89":0,"90":0,"91":0,"92":0,"93":0,"94":0,"95":0,"96":0,"97":0,"98":0,"99":0,"100":0,"101":0,"102":0,"103":0,"104":0,"105":0,"106":0,"107":0,"108":0,"109":0,"110":0,"111":0,"112":0,"113":0,"114":0,"115":0,"116":0,"117":0,"118":0,"119":0,"120":0,"121":0,"122":0,"123":0,"124":0,"125":0,"126":0},"f":{"0":0,"1":0,"2":0,"3":0,"4":0,"5":0,"6":0,"7":0,"8":0,"9":0,"10":0,"11":0,"12":0,"13":0,"14":0,"15":0,"16":0,"17":0,"18":0,"19":0},"b":{"0":[0,0],"1":[0,0],"2":[0,0],"3":[0,0],"4":[0],"5":[0],"6":[0,0],"7":[0,0],"8":[0],"9":[0],"10":[0,0],"11":[0,0],"12":[0,0],"13":[0,0],"14":[0,0],"15":[0,0],"16":[0,0],"17":[0,0],"18":[0,0],"19":[0],"20":[0],"21":[0,0],"22":[0,0],"23":[0,0],"24":[0,0],"25":[0,0],"26":[0,0],"27":[0,0],"28":[0,0]}}
,"/Users/specter/Repos/hackerdreams/HackBCNCon/payment-platform/src/routes/api.js": {"path":"/Users/specter/Repos/hackerdreams/HackBCNCon/payment-platform/src/routes/api.js","statementMap":{"0":{"start":{"line":13,"column":15},"end":{"line":13,"column":31}},"1":{"start":{"line":16,"column":26},"end":{"line":20,"column":2}},"2":{"start":{"line":22,"column":22},"end":{"line":26,"column":2}},"3":{"start":{"line":29,"column":31},"end":{"line":39,"column":1}},"4":{"start":{"line":30,"column":17},"end":{"line":30,"column":38}},"5":{"start":{"line":31,"column":2},"end":{"line":37,"column":3}},"6":{"start":{"line":32,"column":4},"end":{"line":36,"column":7}},"7":{"start":{"line":38,"column":2},"end":{"line":38,"column":9}},"8":{"start":{"line":46,"column":0},"end":{"line":63,"column":3}},"9":{"start":{"line":47,"column":2},"end":{"line":62,"column":3}},"10":{"start":{"line":48,"column":25},"end":{"line":48,"column":90}},"11":{"start":{"line":50,"column":4},"end":{"line":54,"column":7}},"12":{"start":{"line":56,"column":4},"end":{"line":56,"column":54}},"13":{"start":{"line":57,"column":4},"end":{"line":61,"column":7}},"14":{"start":{"line":66,"column":0},"end":{"line":102,"column":3}},"15":{"start":{"line":67,"column":2},"end":{"line":101,"column":3}},"16":{"start":{"line":68,"column":24},"end":{"line":68,"column":34}},"17":{"start":{"line":71,"column":18},"end":{"line":73,"column":14}},"18":{"start":{"line":75,"column":4},"end":{"line":81,"column":5}},"19":{"start":{"line":76,"column":6},"end":{"line":80,"column":9}},"20":{"start":{"line":84,"column":28},"end":{"line":86,"column":5}},"21":{"start":{"line":88,"column":4},"end":{"line":93,"column":7}},"22":{"start":{"line":95,"column":4},"end":{"line":95,"column":63}},"23":{"start":{"line":96,"column":4},"end":{"line":100,"column":7}},"24":{"start":{"line":105,"column":0},"end":{"line":131,"column":3}},"25":{"start":{"line":106,"column":2},"end":{"line":130,"column":3}},"26":{"start":{"line":107,"column":24},"end":{"line":107,"column":34}},"27":{"start":{"line":109,"column":18},"end":{"line":109,"column":87}},"28":{"start":{"line":111,"column":4},"end":{"line":117,"column":5}},"29":{"start":{"line":112,"column":6},"end":{"line":116,"column":9}},"30":{"start":{"line":119,"column":4},"end":{"line":122,"column":7}},"31":{"start":{"line":124,"column":4},"end":{"line":124,"column":53}},"32":{"start":{"line":125,"column":4},"end":{"line":129,"column":7}},"33":{"start":{"line":138,"column":0},"end":{"line":172,"column":2}},"34":{"start":{"line":148,"column":4},"end":{"line":170,"column":5}},"35":{"start":{"line":149,"column":56},"end":{"line":149,"column":64}},"36":{"start":{"line":150,"column":24},"end":{"line":150,"column":62}},"37":{"start":{"line":152,"column":21},"end":{"line":158,"column":7}},"38":{"start":{"line":160,"column":25},"end":{"line":160,"column":51}},"39":{"start":{"line":161,"column":6},"end":{"line":161,"column":42}},"40":{"start":{"line":164,"column":6},"end":{"line":164,"column":51}},"41":{"start":{"line":165,"column":6},"end":{"line":169,"column":9}},"42":{"start":{"line":175,"column":0},"end":{"line":218,"column":2}},"43":{"start":{"line":179,"column":4},"end":{"line":216,"column":5}},"44":{"start":{"line":191,"column":10},"end":{"line":191,"column":19}},"45":{"start":{"line":193,"column":23},"end":{"line":204,"column":7}},"46":{"start":{"line":206,"column":21},"end":{"line":206,"column":74}},"47":{"start":{"line":207,"column":6},"end":{"line":207,"column":23}},"48":{"start":{"line":210,"column":6},"end":{"line":210,"column":49}},"49":{"start":{"line":211,"column":6},"end":{"line":215,"column":9}},"50":{"start":{"line":221,"column":0},"end":{"line":240,"column":2}},"51":{"start":{"line":224,"column":4},"end":{"line":238,"column":5}},"52":{"start":{"line":225,"column":26},"end":{"line":225,"column":35}},"53":{"start":{"line":226,"column":21},"end":{"line":228,"column":7}},"54":{"start":{"line":229,"column":6},"end":{"line":229,"column":23}},"55":{"start":{"line":232,"column":6},"end":{"line":232,"column":61}},"56":{"start":{"line":233,"column":6},"end":{"line":237,"column":9}},"57":{"start":{"line":243,"column":0},"end":{"line":273,"column":2}},"58":{"start":{"line":251,"column":4},"end":{"line":271,"column":5}},"59":{"start":{"line":252,"column":35},"end":{"line":252,"column":43}},"60":{"start":{"line":253,"column":22},"end":{"line":253,"column":33}},"61":{"start":{"line":255,"column":21},"end":{"line":259,"column":7}},"62":{"start":{"line":261,"column":25},"end":{"line":261,"column":51}},"63":{"start":{"line":262,"column":6},"end":{"line":262,"column":42}},"64":{"start":{"line":265,"column":6},"end":{"line":265,"column":56}},"65":{"start":{"line":266,"column":6},"end":{"line":270,"column":9}},"66":{"start":{"line":280,"column":0},"end":{"line":307,"column":2}},"67":{"start":{"line":293,"column":4},"end":{"line":305,"column":5}},"68":{"start":{"line":294,"column":21},"end":{"line":294,"column":72}},"69":{"start":{"line":295,"column":25},"end":{"line":295,"column":51}},"70":{"start":{"line":296,"column":6},"end":{"line":296,"column":42}},"71":{"start":{"line":299,"column":6},"end":{"line":299,"column":60}},"72":{"start":{"line":300,"column":6},"end":{"line":304,"column":9}},"73":{"start":{"line":310,"column":0},"end":{"line":345,"column":2}},"74":{"start":{"line":313,"column":4},"end":{"line":343,"column":5}},"75":{"start":{"line":314,"column":18},"end":{"line":314,"column":49}},"76":{"start":{"line":315,"column":28},"end":{"line":315,"column":61}},"77":{"start":{"line":318,"column":6},"end":{"line":323,"column":7}},"78":{"start":{"line":319,"column":8},"end":{"line":319,"column":92}},"79":{"start":{"line":321,"column":8},"end":{"line":321,"column":77}},"80":{"start":{"line":322,"column":8},"end":{"line":322,"column":69}},"81":{"start":{"line":326,"column":6},"end":{"line":336,"column":7}},"82":{"start":{"line":328,"column":10},"end":{"line":328,"column":75}},"83":{"start":{"line":329,"column":10},"end":{"line":329,"column":16}},"84":{"start":{"line":332,"column":10},"end":{"line":332,"column":60}},"85":{"start":{"line":333,"column":10},"end":{"line":333,"column":16}},"86":{"start":{"line":335,"column":10},"end":{"line":335,"column":60}},"87":{"start":{"line":338,"column":6},"end":{"line":338,"column":35}},"88":{"start":{"line":341,"column":6},"end":{"line":341,"column":56}},"89":{"start":{"line":342,"column":6},"end":{"line":342,"column":67}},"90":{"start":{"line":348,"column":0},"end":{"line":372,"column":2}},"91":{"start":{"line":356,"column":4},"end":{"line":370,"column":5}},"92":{"start":{"line":357,"column":34},"end":{"line":357,"column":42}},"93":{"start":{"line":358,"column":21},"end":{"line":358,"column":72}},"94":{"start":{"line":360,"column":25},"end":{"line":360,"column":51}},"95":{"start":{"line":361,"column":6},"end":{"line":361,"column":42}},"96":{"start":{"line":364,"column":6},"end":{"line":364,"column":58}},"97":{"start":{"line":365,"column":6},"end":{"line":369,"column":9}},"98":{"start":{"line":379,"column":0},"end":{"line":386,"column":3}},"99":{"start":{"line":380,"column":2},"end":{"line":385,"column":5}},"100":{"start":{"line":389,"column":0},"end":{"line":422,"column":3}},"101":{"start":{"line":390,"column":2},"end":{"line":421,"column":5}}},"fnMap":{"0":{"name":"(anonymous_0)","decl":{"start":{"line":29,"column":31},"end":{"line":29,"column":32}},"loc":{"start":{"line":29,"column":51},"end":{"line":39,"column":1}},"line":29},"1":{"name":"(anonymous_1)","decl":{"start":{"line":46,"column":22},"end":{"line":46,"column":23}},"loc":{"start":{"line":46,"column":42},"end":{"line":63,"column":1}},"line":46},"2":{"name":"(anonymous_2)","decl":{"start":{"line":66,"column":44},"end":{"line":66,"column":45}},"loc":{"start":{"line":66,"column":64},"end":{"line":102,"column":1}},"line":66},"3":{"name":"(anonymous_3)","decl":{"start":{"line":105,"column":31},"end":{"line":105,"column":32}},"loc":{"start":{"line":105,"column":51},"end":{"line":131,"column":1}},"line":105},"4":{"name":"(anonymous_4)","decl":{"start":{"line":147,"column":2},"end":{"line":147,"column":3}},"loc":{"start":{"line":147,"column":22},"end":{"line":171,"column":3}},"line":147},"5":{"name":"(anonymous_5)","decl":{"start":{"line":178,"column":2},"end":{"line":178,"column":3}},"loc":{"start":{"line":178,"column":22},"end":{"line":217,"column":3}},"line":178},"6":{"name":"(anonymous_6)","decl":{"start":{"line":223,"column":2},"end":{"line":223,"column":3}},"loc":{"start":{"line":223,"column":22},"end":{"line":239,"column":3}},"line":223},"7":{"name":"(anonymous_7)","decl":{"start":{"line":250,"column":2},"end":{"line":250,"column":3}},"loc":{"start":{"line":250,"column":22},"end":{"line":272,"column":3}},"line":250},"8":{"name":"(anonymous_8)","decl":{"start":{"line":292,"column":2},"end":{"line":292,"column":3}},"loc":{"start":{"line":292,"column":22},"end":{"line":306,"column":3}},"line":292},"9":{"name":"(anonymous_9)","decl":{"start":{"line":312,"column":2},"end":{"line":312,"column":3}},"loc":{"start":{"line":312,"column":22},"end":{"line":344,"column":3}},"line":312},"10":{"name":"(anonymous_10)","decl":{"start":{"line":355,"column":2},"end":{"line":355,"column":3}},"loc":{"start":{"line":355,"column":22},"end":{"line":371,"column":3}},"line":355},"11":{"name":"(anonymous_11)","decl":{"start":{"line":379,"column":22},"end":{"line":379,"column":23}},"loc":{"start":{"line":379,"column":36},"end":{"line":386,"column":1}},"line":379},"12":{"name":"(anonymous_12)","decl":{"start":{"line":389,"column":20},"end":{"line":389,"column":21}},"loc":{"start":{"line":389,"column":34},"end":{"line":422,"column":1}},"line":389}},"branchMap":{"0":{"loc":{"start":{"line":31,"column":2},"end":{"line":37,"column":3}},"type":"if","locations":[{"start":{"line":31,"column":2},"end":{"line":37,"column":3}},{"start":{},"end":{}}],"line":31},"1":{"loc":{"start":{"line":75,"column":4},"end":{"line":81,"column":5}},"type":"if","locations":[{"start":{"line":75,"column":4},"end":{"line":81,"column":5}},{"start":{},"end":{}}],"line":75},"2":{"loc":{"start":{"line":111,"column":4},"end":{"line":117,"column":5}},"type":"if","locations":[{"start":{"line":111,"column":4},"end":{"line":117,"column":5}},{"start":{},"end":{}}],"line":111},"3":{"loc":{"start":{"line":150,"column":24},"end":{"line":150,"column":62}},"type":"binary-expr","locations":[{"start":{"line":150,"column":24},"end":{"line":150,"column":30}},{"start":{"line":150,"column":34},"end":{"line":150,"column":62}}],"line":150},"4":{"loc":{"start":{"line":160,"column":25},"end":{"line":160,"column":51}},"type":"cond-expr","locations":[{"start":{"line":160,"column":42},"end":{"line":160,"column":45}},{"start":{"line":160,"column":48},"end":{"line":160,"column":51}}],"line":160},"5":{"loc":{"start":{"line":189,"column":8},"end":{"line":189,"column":18}},"type":"default-arg","locations":[{"start":{"line":189,"column":16},"end":{"line":189,"column":18}}],"line":189},"6":{"loc":{"start":{"line":190,"column":8},"end":{"line":190,"column":18}},"type":"default-arg","locations":[{"start":{"line":190,"column":17},"end":{"line":190,"column":18}}],"line":190},"7":{"loc":{"start":{"line":198,"column":17},"end":{"line":198,"column":56}},"type":"cond-expr","locations":[{"start":{"line":198,"column":27},"end":{"line":198,"column":44}},{"start":{"line":198,"column":47},"end":{"line":198,"column":56}}],"line":198},"8":{"loc":{"start":{"line":199,"column":16},"end":{"line":199,"column":68}},"type":"cond-expr","locations":[{"start":{"line":199,"column":39},"end":{"line":199,"column":56}},{"start":{"line":199,"column":59},"end":{"line":199,"column":68}}],"line":199},"9":{"loc":{"start":{"line":227,"column":8},"end":{"line":227,"column":42}},"type":"cond-expr","locations":[{"start":{"line":227,"column":18},"end":{"line":227,"column":35}},{"start":{"line":227,"column":38},"end":{"line":227,"column":42}}],"line":227},"10":{"loc":{"start":{"line":261,"column":25},"end":{"line":261,"column":51}},"type":"cond-expr","locations":[{"start":{"line":261,"column":42},"end":{"line":261,"column":45}},{"start":{"line":261,"column":48},"end":{"line":261,"column":51}}],"line":261},"11":{"loc":{"start":{"line":295,"column":25},"end":{"line":295,"column":51}},"type":"cond-expr","locations":[{"start":{"line":295,"column":42},"end":{"line":295,"column":45}},{"start":{"line":295,"column":48},"end":{"line":295,"column":51}}],"line":295},"12":{"loc":{"start":{"line":326,"column":6},"end":{"line":336,"column":7}},"type":"switch","locations":[{"start":{"line":327,"column":8},"end":{"line":329,"column":16}},{"start":{"line":330,"column":8},"end":{"line":333,"column":16}},{"start":{"line":334,"column":8},"end":{"line":335,"column":60}}],"line":326},"13":{"loc":{"start":{"line":360,"column":25},"end":{"line":360,"column":51}},"type":"cond-expr","locations":[{"start":{"line":360,"column":42},"end":{"line":360,"column":45}},{"start":{"line":360,"column":48},"end":{"line":360,"column":51}}],"line":360}},"s":{"0":0,"1":0,"2":0,"3":0,"4":0,"5":0,"6":0,"7":0,"8":0,"9":0,"10":0,"11":0,"12":0,"13":0,"14":0,"15":0,"16":0,"17":0,"18":0,"19":0,"20":0,"21":0,"22":0,"23":0,"24":0,"25":0,"26":0,"27":0,"28":0,"29":0,"30":0,"31":0,"32":0,"33":0,"34":0,"35":0,"36":0,"37":0,"38":0,"39":0,"40":0,"41":0,"42":0,"43":0,"44":0,"45":0,"46":0,"47":0,"48":0,"49":0,"50":0,"51":0,"52":0,"53":0,"54":0,"55":0,"56":0,"57":0,"58":0,"59":0,"60":0,"61":0,"62":0,"63":0,"64":0,"65":0,"66":0,"67":0,"68":0,"69":0,"70":0,"71":0,"72":0,"73":0,"74":0,"75":0,"76":0,"77":0,"78":0,"79":0,"80":0,"81":0,"82":0,"83":0,"84":0,"85":0,"86":0,"87":0,"88":0,"89":0,"90":0,"91":0,"92":0,"93":0,"94":0,"95":0,"96":0,"97":0,"98":0,"99":0,"100":0,"101":0},"f":{"0":0,"1":0,"2":0,"3":0,"4":0,"5":0,"6":0,"7":0,"8":0,"9":0,"10":0,"11":0,"12":0},"b":{"0":[0,0],"1":[0,0],"2":[0,0],"3":[0,0],"4":[0,0],"5":[0],"6":[0],"7":[0,0],"8":[0,0],"9":[0,0],"10":[0,0],"11":[0,0],"12":[0,0,0],"13":[0,0]}}
,"/Users/specter/Repos/hackerdreams/HackBCNCon/payment-platform/src/routes/auth.js": {"path":"/Users/specter/Repos/hackerdreams/HackBCNCon/payment-platform/src/routes/auth.js","statementMap":{"0":{"start":{"line":7,"column":15},"end":{"line":7,"column":31}},"1":{"start":{"line":10,"column":20},"end":{"line":20,"column":2}},"2":{"start":{"line":23,"column":31},"end":{"line":33,"column":1}},"3":{"start":{"line":24,"column":17},"end":{"line":24,"column":38}},"4":{"start":{"line":25,"column":2},"end":{"line":31,"column":3}},"5":{"start":{"line":26,"column":4},"end":{"line":30,"column":7}},"6":{"start":{"line":32,"column":2},"end":{"line":32,"column":9}},"7":{"start":{"line":38,"column":0},"end":{"line":68,"column":2}},"8":{"start":{"line":51,"column":4},"end":{"line":66,"column":5}},"9":{"start":{"line":52,"column":34},"end":{"line":52,"column":42}},"10":{"start":{"line":54,"column":21},"end":{"line":54,"column":61}},"11":{"start":{"line":56,"column":25},"end":{"line":56,"column":51}},"12":{"start":{"line":57,"column":6},"end":{"line":57,"column":42}},"13":{"start":{"line":60,"column":6},"end":{"line":60,"column":46}},"14":{"start":{"line":61,"column":6},"end":{"line":65,"column":9}},"15":{"start":{"line":73,"column":0},"end":{"line":97,"column":2}},"16":{"start":{"line":76,"column":4},"end":{"line":95,"column":5}},"17":{"start":{"line":77,"column":21},"end":{"line":77,"column":66}},"18":{"start":{"line":79,"column":6},"end":{"line":86,"column":7}},"19":{"start":{"line":80,"column":8},"end":{"line":83,"column":11}},"20":{"start":{"line":85,"column":8},"end":{"line":85,"column":37}},"21":{"start":{"line":89,"column":6},"end":{"line":89,"column":63}},"22":{"start":{"line":90,"column":6},"end":{"line":94,"column":9}},"23":{"start":{"line":102,"column":0},"end":{"line":140,"column":2}},"24":{"start":{"line":114,"column":8},"end":{"line":116,"column":9}},"25":{"start":{"line":115,"column":10},"end":{"line":115,"column":58}},"26":{"start":{"line":117,"column":8},"end":{"line":117,"column":20}},"27":{"start":{"line":122,"column":4},"end":{"line":138,"column":5}},"28":{"start":{"line":123,"column":47},"end":{"line":123,"column":55}},"29":{"start":{"line":124,"column":21},"end":{"line":124,"column":32}},"30":{"start":{"line":126,"column":21},"end":{"line":126,"column":91}},"31":{"start":{"line":128,"column":25},"end":{"line":128,"column":51}},"32":{"start":{"line":129,"column":6},"end":{"line":129,"column":42}},"33":{"start":{"line":132,"column":6},"end":{"line":132,"column":58}},"34":{"start":{"line":133,"column":6},"end":{"line":137,"column":9}},"35":{"start":{"line":145,"column":0},"end":{"line":193,"column":2}},"36":{"start":{"line":170,"column":4},"end":{"line":191,"column":5}},"37":{"start":{"line":171,"column":59},"end":{"line":171,"column":67}},"38":{"start":{"line":173,"column":21},"end":{"line":179,"column":8}},"39":{"start":{"line":181,"column":25},"end":{"line":181,"column":51}},"40":{"start":{"line":182,"column":6},"end":{"line":182,"column":42}},"41":{"start":{"line":185,"column":6},"end":{"line":185,"column":62}},"42":{"start":{"line":186,"column":6},"end":{"line":190,"column":9}},"43":{"start":{"line":198,"column":0},"end":{"line":208,"column":2}},"44":{"start":{"line":203,"column":4},"end":{"line":206,"column":7}},"45":{"start":{"line":213,"column":0},"end":{"line":228,"column":2}},"46":{"start":{"line":216,"column":4},"end":{"line":226,"column":7}},"47":{"start":{"line":233,"column":0},"end":{"line":267,"column":3}},"48":{"start":{"line":234,"column":2},"end":{"line":266,"column":5}}},"fnMap":{"0":{"name":"(anonymous_0)","decl":{"start":{"line":23,"column":31},"end":{"line":23,"column":32}},"loc":{"start":{"line":23,"column":51},"end":{"line":33,"column":1}},"line":23},"1":{"name":"(anonymous_1)","decl":{"start":{"line":50,"column":2},"end":{"line":50,"column":3}},"loc":{"start":{"line":50,"column":22},"end":{"line":67,"column":3}},"line":50},"2":{"name":"(anonymous_2)","decl":{"start":{"line":75,"column":2},"end":{"line":75,"column":3}},"loc":{"start":{"line":75,"column":22},"end":{"line":96,"column":3}},"line":75},"3":{"name":"(anonymous_3)","decl":{"start":{"line":113,"column":14},"end":{"line":113,"column":15}},"loc":{"start":{"line":113,"column":34},"end":{"line":118,"column":7}},"line":113},"4":{"name":"(anonymous_4)","decl":{"start":{"line":121,"column":2},"end":{"line":121,"column":3}},"loc":{"start":{"line":121,"column":22},"end":{"line":139,"column":3}},"line":121},"5":{"name":"(anonymous_5)","decl":{"start":{"line":169,"column":2},"end":{"line":169,"column":3}},"loc":{"start":{"line":169,"column":22},"end":{"line":192,"column":3}},"line":169},"6":{"name":"(anonymous_6)","decl":{"start":{"line":200,"column":2},"end":{"line":200,"column":3}},"loc":{"start":{"line":200,"column":16},"end":{"line":207,"column":3}},"line":200},"7":{"name":"(anonymous_7)","decl":{"start":{"line":215,"column":2},"end":{"line":215,"column":3}},"loc":{"start":{"line":215,"column":16},"end":{"line":227,"column":3}},"line":215},"8":{"name":"(anonymous_8)","decl":{"start":{"line":233,"column":20},"end":{"line":233,"column":21}},"loc":{"start":{"line":233,"column":34},"end":{"line":267,"column":1}},"line":233}},"branchMap":{"0":{"loc":{"start":{"line":25,"column":2},"end":{"line":31,"column":3}},"type":"if","locations":[{"start":{"line":25,"column":2},"end":{"line":31,"column":3}},{"start":{},"end":{}}],"line":25},"1":{"loc":{"start":{"line":56,"column":25},"end":{"line":56,"column":51}},"type":"cond-expr","locations":[{"start":{"line":56,"column":42},"end":{"line":56,"column":45}},{"start":{"line":56,"column":48},"end":{"line":56,"column":51}}],"line":56},"2":{"loc":{"start":{"line":79,"column":6},"end":{"line":86,"column":7}},"type":"if","locations":[{"start":{"line":79,"column":6},"end":{"line":86,"column":7}},{"start":{"line":84,"column":13},"end":{"line":86,"column":7}}],"line":79},"3":{"loc":{"start":{"line":114,"column":8},"end":{"line":116,"column":9}},"type":"if","locations":[{"start":{"line":114,"column":8},"end":{"line":116,"column":9}},{"start":{},"end":{}}],"line":114},"4":{"loc":{"start":{"line":128,"column":25},"end":{"line":128,"column":51}},"type":"cond-expr","locations":[{"start":{"line":128,"column":42},"end":{"line":128,"column":45}},{"start":{"line":128,"column":48},"end":{"line":128,"column":51}}],"line":128},"5":{"loc":{"start":{"line":178,"column":21},"end":{"line":178,"column":38}},"type":"binary-expr","locations":[{"start":{"line":178,"column":21},"end":{"line":178,"column":32}},{"start":{"line":178,"column":36},"end":{"line":178,"column":38}}],"line":178},"6":{"loc":{"start":{"line":181,"column":25},"end":{"line":181,"column":51}},"type":"cond-expr","locations":[{"start":{"line":181,"column":42},"end":{"line":181,"column":45}},{"start":{"line":181,"column":48},"end":{"line":181,"column":51}}],"line":181}},"s":{"0":0,"1":0,"2":0,"3":0,"4":0,"5":0,"6":0,"7":0,"8":0,"9":0,"10":0,"11":0,"12":0,"13":0,"14":0,"15":0,"16":0,"17":0,"18":0,"19":0,"20":0,"21":0,"22":0,"23":0,"24":0,"25":0,"26":0,"27":0,"28":0,"29":0,"30":0,"31":0,"32":0,"33":0,"34":0,"35":0,"36":0,"37":0,"38":0,"39":0,"40":0,"41":0,"42":0,"43":0,"44":0,"45":0,"46":0,"47":0,"48":0},"f":{"0":0,"1":0,"2":0,"3":0,"4":0,"5":0,"6":0,"7":0,"8":0},"b":{"0":[0,0],"1":[0,0],"2":[0,0],"3":[0,0],"4":[0,0],"5":[0,0],"6":[0,0]}}
,"/Users/specter/Repos/hackerdreams/HackBCNCon/payment-platform/src/services/payment.js": {"path":"/Users/specter/Repos/hackerdreams/HackBCNCon/payment-platform/src/services/payment.js","statementMap":{"0":{"start":{"line":12,"column":4},"end":{"line":14,"column":7}},"1":{"start":{"line":21,"column":4},"end":{"line":167,"column":5}},"2":{"start":{"line":32,"column":10},"end":{"line":32,"column":19}},"3":{"start":{"line":35,"column":31},"end":{"line":48,"column":17}},"4":{"start":{"line":50,"column":6},"end":{"line":56,"column":7}},"5":{"start":{"line":51,"column":8},"end":{"line":55,"column":10}},"6":{"start":{"line":58,"column":36},"end":{"line":58,"column":55}},"7":{"start":{"line":61,"column":18},"end":{"line":61,"column":28}},"8":{"start":{"line":62,"column":24},"end":{"line":62,"column":58}},"9":{"start":{"line":63,"column":22},"end":{"line":63,"column":54}},"10":{"start":{"line":65,"column":6},"end":{"line":71,"column":7}},"11":{"start":{"line":66,"column":8},"end":{"line":70,"column":10}},"12":{"start":{"line":73,"column":6},"end":{"line":79,"column":7}},"13":{"start":{"line":74,"column":8},"end":{"line":78,"column":10}},"14":{"start":{"line":82,"column":6},"end":{"line":88,"column":7}},"15":{"start":{"line":83,"column":8},"end":{"line":87,"column":10}},"16":{"start":{"line":91,"column":26},"end":{"line":91,"column":52}},"17":{"start":{"line":92,"column":26},"end":{"line":92,"column":53}},"18":{"start":{"line":95,"column":23},"end":{"line":108,"column":20}},"19":{"start":{"line":111,"column":22},"end":{"line":140,"column":8}},"20":{"start":{"line":143,"column":6},"end":{"line":149,"column":46}},"21":{"start":{"line":151,"column":6},"end":{"line":158,"column":8}},"22":{"start":{"line":161,"column":6},"end":{"line":161,"column":60}},"23":{"start":{"line":162,"column":6},"end":{"line":166,"column":8}},"24":{"start":{"line":174,"column":4},"end":{"line":232,"column":5}},"25":{"start":{"line":175,"column":27},"end":{"line":175,"column":38}},"26":{"start":{"line":176,"column":22},"end":{"line":176,"column":48}},"27":{"start":{"line":177,"column":22},"end":{"line":177,"column":48}},"28":{"start":{"line":178,"column":27},"end":{"line":178,"column":58}},"29":{"start":{"line":179,"column":23},"end":{"line":179,"column":50}},"30":{"start":{"line":182,"column":20},"end":{"line":186,"column":17}},"31":{"start":{"line":188,"column":6},"end":{"line":190,"column":7}},"32":{"start":{"line":189,"column":8},"end":{"line":189,"column":47}},"33":{"start":{"line":193,"column":6},"end":{"line":200,"column":39}},"34":{"start":{"line":203,"column":29},"end":{"line":203,"column":31}},"35":{"start":{"line":204,"column":6},"end":{"line":209,"column":7}},"36":{"start":{"line":204,"column":19},"end":{"line":204,"column":20}},"37":{"start":{"line":205,"column":27},"end":{"line":205,"column":98}},"38":{"start":{"line":206,"column":8},"end":{"line":208,"column":10}},"39":{"start":{"line":211,"column":28},"end":{"line":211,"column":61}},"40":{"start":{"line":214,"column":6},"end":{"line":214,"column":75}},"41":{"start":{"line":217,"column":29},"end":{"line":220,"column":44}},"42":{"start":{"line":222,"column":6},"end":{"line":227,"column":8}},"43":{"start":{"line":230,"column":6},"end":{"line":230,"column":61}},"44":{"start":{"line":231,"column":6},"end":{"line":231,"column":18}},"45":{"start":{"line":239,"column":17},"end":{"line":239,"column":25}},"46":{"start":{"line":240,"column":25},"end":{"line":240,"column":52}},"47":{"start":{"line":241,"column":19},"end":{"line":241,"column":58}},"48":{"start":{"line":244,"column":23},"end":{"line":248,"column":15}},"49":{"start":{"line":250,"column":4},"end":{"line":263,"column":6}},"50":{"start":{"line":270,"column":4},"end":{"line":363,"column":7}},"51":{"start":{"line":271,"column":18},"end":{"line":275,"column":8}},"52":{"start":{"line":277,"column":22},"end":{"line":277,"column":24}},"53":{"start":{"line":278,"column":6},"end":{"line":278,"column":53}},"54":{"start":{"line":278,"column":32},"end":{"line":278,"column":51}},"55":{"start":{"line":279,"column":6},"end":{"line":279,"column":59}},"56":{"start":{"line":279,"column":26},"end":{"line":279,"column":57}},"57":{"start":{"line":280,"column":6},"end":{"line":280,"column":30}},"58":{"start":{"line":282,"column":6},"end":{"line":362,"column":11}},"59":{"start":{"line":283,"column":8},"end":{"line":361,"column":9}},"60":{"start":{"line":284,"column":10},"end":{"line":357,"column":11}},"61":{"start":{"line":284,"column":23},"end":{"line":284,"column":24}},"62":{"start":{"line":285,"column":27},"end":{"line":285,"column":37}},"63":{"start":{"line":286,"column":12},"end":{"line":286,"column":26}},"64":{"start":{"line":289,"column":33},"end":{"line":293,"column":14}},"65":{"start":{"line":295,"column":32},"end":{"line":295,"column":35}},"66":{"start":{"line":296,"column":28},"end":{"line":296,"column":62}},"67":{"start":{"line":297,"column":28},"end":{"line":297,"column":30}},"68":{"start":{"line":299,"column":12},"end":{"line":299,"column":23}},"69":{"start":{"line":302,"column":12},"end":{"line":311,"column":13}},"70":{"start":{"line":303,"column":14},"end":{"line":308,"column":16}},"71":{"start":{"line":314,"column":12},"end":{"line":314,"column":73}},"72":{"start":{"line":315,"column":12},"end":{"line":318,"column":15}},"73":{"start":{"line":321,"column":12},"end":{"line":321,"column":50}},"74":{"start":{"line":322,"column":12},"end":{"line":322,"column":55}},"75":{"start":{"line":323,"column":12},"end":{"line":323,"column":104}},"76":{"start":{"line":325,"column":12},"end":{"line":325,"column":65}},"77":{"start":{"line":326,"column":12},"end":{"line":326,"column":71}},"78":{"start":{"line":329,"column":12},"end":{"line":329,"column":77}},"79":{"start":{"line":330,"column":12},"end":{"line":330,"column":85}},"80":{"start":{"line":333,"column":12},"end":{"line":335,"column":22}},"81":{"start":{"line":336,"column":12},"end":{"line":341,"column":17}},"82":{"start":{"line":344,"column":12},"end":{"line":347,"column":15}},"83":{"start":{"line":350,"column":12},"end":{"line":352,"column":77}},"84":{"start":{"line":353,"column":12},"end":{"line":353,"column":77}},"85":{"start":{"line":354,"column":12},"end":{"line":354,"column":69}},"86":{"start":{"line":356,"column":12},"end":{"line":356,"column":26}},"87":{"start":{"line":358,"column":10},"end":{"line":358,"column":20}},"88":{"start":{"line":360,"column":10},"end":{"line":360,"column":24}},"89":{"start":{"line":370,"column":18},"end":{"line":370,"column":56}},"90":{"start":{"line":372,"column":4},"end":{"line":407,"column":5}},"91":{"start":{"line":374,"column":28},"end":{"line":381,"column":17}},"92":{"start":{"line":383,"column":6},"end":{"line":404,"column":7}},"93":{"start":{"line":385,"column":8},"end":{"line":391,"column":57}},"94":{"start":{"line":394,"column":8},"end":{"line":403,"column":13}},"95":{"start":{"line":406,"column":6},"end":{"line":406,"column":73}},"96":{"start":{"line":414,"column":22},"end":{"line":414,"column":45}},"97":{"start":{"line":415,"column":19},"end":{"line":415,"column":58}},"98":{"start":{"line":416,"column":4},"end":{"line":416,"column":54}},"99":{"start":{"line":423,"column":22},"end":{"line":423,"column":45}},"100":{"start":{"line":424,"column":19},"end":{"line":424,"column":58}},"101":{"start":{"line":425,"column":4},"end":{"line":425,"column":52}},"102":{"start":{"line":432,"column":17},"end":{"line":437,"column":5}},"103":{"start":{"line":438,"column":4},"end":{"line":438,"column":64}},"104":{"start":{"line":445,"column":4},"end":{"line":511,"column":5}},"105":{"start":{"line":446,"column":20},"end":{"line":450,"column":17}},"106":{"start":{"line":452,"column":6},"end":{"line":458,"column":7}},"107":{"start":{"line":453,"column":8},"end":{"line":457,"column":10}},"108":{"start":{"line":460,"column":6},"end":{"line":466,"column":7}},"109":{"start":{"line":461,"column":8},"end":{"line":465,"column":10}},"110":{"start":{"line":469,"column":21},"end":{"line":476,"column":8}},"111":{"start":{"line":479,"column":6},"end":{"line":486,"column":39}},"112":{"start":{"line":489,"column":6},"end":{"line":496,"column":45}},"113":{"start":{"line":498,"column":6},"end":{"line":502,"column":8}},"114":{"start":{"line":505,"column":6},"end":{"line":505,"column":58}},"115":{"start":{"line":506,"column":6},"end":{"line":510,"column":8}}},"fnMap":{"0":{"name":"(anonymous_0)","decl":{"start":{"line":11,"column":2},"end":{"line":11,"column":3}},"loc":{"start":{"line":11,"column":16},"end":{"line":15,"column":3}},"line":11},"1":{"name":"(anonymous_1)","decl":{"start":{"line":20,"column":2},"end":{"line":20,"column":3}},"loc":{"start":{"line":20,"column":40},"end":{"line":168,"column":3}},"line":20},"2":{"name":"(anonymous_2)","decl":{"start":{"line":173,"column":2},"end":{"line":173,"column":3}},"loc":{"start":{"line":173,"column":46},"end":{"line":233,"column":3}},"line":173},"3":{"name":"(anonymous_3)","decl":{"start":{"line":238,"column":2},"end":{"line":238,"column":3}},"loc":{"start":{"line":238,"column":66},"end":{"line":264,"column":3}},"line":238},"4":{"name":"(anonymous_4)","decl":{"start":{"line":269,"column":2},"end":{"line":269,"column":3}},"loc":{"start":{"line":269,"column":58},"end":{"line":364,"column":3}},"line":269},"5":{"name":"(anonymous_5)","decl":{"start":{"line":270,"column":23},"end":{"line":270,"column":24}},"loc":{"start":{"line":270,"column":44},"end":{"line":363,"column":5}},"line":270},"6":{"name":"(anonymous_6)","decl":{"start":{"line":278,"column":21},"end":{"line":278,"column":22}},"loc":{"start":{"line":278,"column":32},"end":{"line":278,"column":51}},"line":278},"7":{"name":"(anonymous_7)","decl":{"start":{"line":279,"column":20},"end":{"line":279,"column":21}},"loc":{"start":{"line":279,"column":26},"end":{"line":279,"column":57}},"line":279},"8":{"name":"(anonymous_8)","decl":{"start":{"line":282,"column":7},"end":{"line":282,"column":8}},"loc":{"start":{"line":282,"column":19},"end":{"line":362,"column":7}},"line":282},"9":{"name":"(anonymous_9)","decl":{"start":{"line":369,"column":2},"end":{"line":369,"column":3}},"loc":{"start":{"line":369,"column":53},"end":{"line":408,"column":3}},"line":369},"10":{"name":"(anonymous_10)","decl":{"start":{"line":413,"column":2},"end":{"line":413,"column":3}},"loc":{"start":{"line":413,"column":24},"end":{"line":417,"column":3}},"line":413},"11":{"name":"(anonymous_11)","decl":{"start":{"line":422,"column":2},"end":{"line":422,"column":3}},"loc":{"start":{"line":422,"column":25},"end":{"line":426,"column":3}},"line":422},"12":{"name":"(anonymous_12)","decl":{"start":{"line":431,"column":2},"end":{"line":431,"column":3}},"loc":{"start":{"line":431,"column":37},"end":{"line":439,"column":3}},"line":431},"13":{"name":"(anonymous_13)","decl":{"start":{"line":444,"column":2},"end":{"line":444,"column":3}},"loc":{"start":{"line":444,"column":46},"end":{"line":512,"column":3}},"line":444}},"branchMap":{"0":{"loc":{"start":{"line":31,"column":8},"end":{"line":31,"column":21}},"type":"default-arg","locations":[{"start":{"line":31,"column":19},"end":{"line":31,"column":21}}],"line":31},"1":{"loc":{"start":{"line":50,"column":6},"end":{"line":56,"column":7}},"type":"if","locations":[{"start":{"line":50,"column":6},"end":{"line":56,"column":7}},{"start":{},"end":{}}],"line":50},"2":{"loc":{"start":{"line":65,"column":6},"end":{"line":71,"column":7}},"type":"if","locations":[{"start":{"line":65,"column":6},"end":{"line":71,"column":7}},{"start":{},"end":{}}],"line":65},"3":{"loc":{"start":{"line":73,"column":6},"end":{"line":79,"column":7}},"type":"if","locations":[{"start":{"line":73,"column":6},"end":{"line":79,"column":7}},{"start":{},"end":{}}],"line":73},"4":{"loc":{"start":{"line":82,"column":6},"end":{"line":88,"column":7}},"type":"if","locations":[{"start":{"line":82,"column":6},"end":{"line":88,"column":7}},{"start":{},"end":{}}],"line":82},"5":{"loc":{"start":{"line":120,"column":24},"end":{"line":120,"column":45}},"type":"binary-expr","locations":[{"start":{"line":120,"column":24},"end":{"line":120,"column":39}},{"start":{"line":120,"column":43},"end":{"line":120,"column":45}}],"line":120},"6":{"loc":{"start":{"line":188,"column":6},"end":{"line":190,"column":7}},"type":"if","locations":[{"start":{"line":188,"column":6},"end":{"line":190,"column":7}},{"start":{},"end":{}}],"line":188},"7":{"loc":{"start":{"line":383,"column":6},"end":{"line":404,"column":7}},"type":"if","locations":[{"start":{"line":383,"column":6},"end":{"line":404,"column":7}},{"start":{"line":392,"column":13},"end":{"line":404,"column":7}}],"line":383},"8":{"loc":{"start":{"line":444,"column":31},"end":{"line":444,"column":44}},"type":"default-arg","locations":[{"start":{"line":444,"column":40},"end":{"line":444,"column":44}}],"line":444},"9":{"loc":{"start":{"line":452,"column":6},"end":{"line":458,"column":7}},"type":"if","locations":[{"start":{"line":452,"column":6},"end":{"line":458,"column":7}},{"start":{},"end":{}}],"line":452},"10":{"loc":{"start":{"line":460,"column":6},"end":{"line":466,"column":7}},"type":"if","locations":[{"start":{"line":460,"column":6},"end":{"line":466,"column":7}},{"start":{},"end":{}}],"line":460},"11":{"loc":{"start":{"line":474,"column":18},"end":{"line":474,"column":46}},"type":"binary-expr","locations":[{"start":{"line":474,"column":18},"end":{"line":474,"column":24}},{"start":{"line":474,"column":28},"end":{"line":474,"column":46}}],"line":474}},"s":{"0":0,"1":0,"2":0,"3":0,"4":0,"5":0,"6":0,"7":0,"8":0,"9":0,"10":0,"11":0,"12":0,"13":0,"14":0,"15":0,"16":0,"17":0,"18":0,"19":0,"20":0,"21":0,"22":0,"23":0,"24":0,"25":0,"26":0,"27":0,"28":0,"29":0,"30":0,"31":0,"32":0,"33":0,"34":0,"35":0,"36":0,"37":0,"38":0,"39":0,"40":0,"41":0,"42":0,"43":0,"44":0,"45":0,"46":0,"47":0,"48":0,"49":0,"50":0,"51":0,"52":0,"53":0,"54":0,"55":0,"56":0,"57":0,"58":0,"59":0,"60":0,"61":0,"62":0,"63":0,"64":0,"65":0,"66":0,"67":0,"68":0,"69":0,"70":0,"71":0,"72":0,"73":0,"74":0,"75":0,"76":0,"77":0,"78":0,"79":0,"80":0,"81":0,"82":0,"83":0,"84":0,"85":0,"86":0,"87":0,"88":0,"89":0,"90":0,"91":0,"92":0,"93":0,"94":0,"95":0,"96":0,"97":0,"98":0,"99":0,"100":0,"101":0,"102":0,"103":0,"104":0,"105":0,"106":0,"107":0,"108":0,"109":0,"110":0,"111":0,"112":0,"113":0,"114":0,"115":0},"f":{"0":0,"1":0,"2":0,"3":0,"4":0,"5":0,"6":0,"7":0,"8":0,"9":0,"10":0,"11":0,"12":0,"13":0},"b":{"0":[0],"1":[0,0],"2":[0,0],"3":[0,0],"4":[0,0],"5":[0,0],"6":[0,0],"7":[0,0],"8":[0],"9":[0,0],"10":[0,0],"11":[0,0]}}
,"/Users/specter/Repos/hackerdreams/HackBCNCon/payment-platform/src/services/ticketValidation.js": {"path":"/Users/specter/Repos/hackerdreams/HackBCNCon/payment-platform/src/services/ticketValidation.js","statementMap":{"0":{"start":{"line":12,"column":4},"end":{"line":119,"column":5}},"1":{"start":{"line":14,"column":27},"end":{"line":24,"column":17}},"2":{"start":{"line":26,"column":6},"end":{"line":33,"column":7}},"3":{"start":{"line":27,"column":8},"end":{"line":27,"column":124}},"4":{"start":{"line":28,"column":8},"end":{"line":32,"column":10}},"5":{"start":{"line":35,"column":44},"end":{"line":35,"column":59}},"6":{"start":{"line":38,"column":6},"end":{"line":47,"column":7}},"7":{"start":{"line":39,"column":8},"end":{"line":39,"column":128}},"8":{"start":{"line":40,"column":8},"end":{"line":46,"column":10}},"9":{"start":{"line":50,"column":18},"end":{"line":50,"column":28}},"10":{"start":{"line":51,"column":25},"end":{"line":51,"column":50}},"11":{"start":{"line":52,"column":23},"end":{"line":52,"column":46}},"12":{"start":{"line":54,"column":6},"end":{"line":62,"column":7}},"13":{"start":{"line":55,"column":8},"end":{"line":55,"column":135}},"14":{"start":{"line":56,"column":8},"end":{"line":61,"column":10}},"15":{"start":{"line":64,"column":6},"end":{"line":72,"column":7}},"16":{"start":{"line":65,"column":8},"end":{"line":65,"column":131}},"17":{"start":{"line":66,"column":8},"end":{"line":71,"column":10}},"18":{"start":{"line":75,"column":28},"end":{"line":85,"column":20}},"19":{"start":{"line":87,"column":6},"end":{"line":87,"column":135}},"20":{"start":{"line":89,"column":6},"end":{"line":109,"column":8}},"21":{"start":{"line":112,"column":6},"end":{"line":112,"column":54}},"22":{"start":{"line":113,"column":6},"end":{"line":113,"column":133}},"23":{"start":{"line":114,"column":6},"end":{"line":118,"column":8}},"24":{"start":{"line":126,"column":4},"end":{"line":218,"column":5}},"25":{"start":{"line":138,"column":10},"end":{"line":138,"column":18}},"26":{"start":{"line":140,"column":18},"end":{"line":148,"column":73}},"27":{"start":{"line":150,"column":25},"end":{"line":150,"column":27}},"28":{"start":{"line":152,"column":6},"end":{"line":154,"column":7}},"29":{"start":{"line":153,"column":8},"end":{"line":153,"column":56}},"30":{"start":{"line":155,"column":6},"end":{"line":157,"column":7}},"31":{"start":{"line":156,"column":8},"end":{"line":156,"column":64}},"32":{"start":{"line":158,"column":6},"end":{"line":160,"column":7}},"33":{"start":{"line":159,"column":8},"end":{"line":159,"column":48}},"34":{"start":{"line":161,"column":6},"end":{"line":163,"column":7}},"35":{"start":{"line":162,"column":8},"end":{"line":162,"column":52}},"36":{"start":{"line":164,"column":6},"end":{"line":166,"column":7}},"37":{"start":{"line":165,"column":8},"end":{"line":165,"column":54}},"38":{"start":{"line":167,"column":6},"end":{"line":169,"column":7}},"39":{"start":{"line":168,"column":8},"end":{"line":168,"column":52}},"40":{"start":{"line":171,"column":6},"end":{"line":173,"column":7}},"41":{"start":{"line":172,"column":8},"end":{"line":172,"column":48}},"42":{"start":{"line":175,"column":22},"end":{"line":177,"column":23}},"43":{"start":{"line":179,"column":6},"end":{"line":209,"column":8}},"44":{"start":{"line":181,"column":65},"end":{"line":207,"column":9}},"45":{"start":{"line":212,"column":6},"end":{"line":212,"column":54}},"46":{"start":{"line":213,"column":6},"end":{"line":217,"column":8}},"47":{"start":{"line":225,"column":4},"end":{"line":263,"column":5}},"48":{"start":{"line":226,"column":18},"end":{"line":232,"column":22}},"49":{"start":{"line":234,"column":6},"end":{"line":236,"column":7}},"50":{"start":{"line":235,"column":8},"end":{"line":235,"column":58}},"51":{"start":{"line":238,"column":22},"end":{"line":238,"column":33}},"52":{"start":{"line":240,"column":20},"end":{"line":245,"column":7}},"53":{"start":{"line":242,"column":39},"end":{"line":242,"column":45}},"54":{"start":{"line":243,"column":37},"end":{"line":243,"column":44}},"55":{"start":{"line":247,"column":6},"end":{"line":249,"column":7}},"56":{"start":{"line":248,"column":8},"end":{"line":248,"column":82}},"57":{"start":{"line":251,"column":6},"end":{"line":254,"column":8}},"58":{"start":{"line":257,"column":6},"end":{"line":257,"column":61}},"59":{"start":{"line":258,"column":6},"end":{"line":262,"column":8}},"60":{"start":{"line":270,"column":4},"end":{"line":284,"column":5}},"61":{"start":{"line":271,"column":6},"end":{"line":281,"column":9}},"62":{"start":{"line":283,"column":6},"end":{"line":283,"column":67}},"63":{"start":{"line":291,"column":4},"end":{"line":332,"column":5}},"64":{"start":{"line":292,"column":21},"end":{"line":296,"column":17}},"65":{"start":{"line":298,"column":6},"end":{"line":304,"column":7}},"66":{"start":{"line":299,"column":8},"end":{"line":303,"column":10}},"67":{"start":{"line":306,"column":6},"end":{"line":316,"column":41}},"68":{"start":{"line":318,"column":6},"end":{"line":318,"column":96}},"69":{"start":{"line":320,"column":6},"end":{"line":323,"column":8}},"70":{"start":{"line":326,"column":6},"end":{"line":326,"column":56}},"71":{"start":{"line":327,"column":6},"end":{"line":331,"column":8}}},"fnMap":{"0":{"name":"(anonymous_0)","decl":{"start":{"line":11,"column":2},"end":{"line":11,"column":3}},"loc":{"start":{"line":11,"column":101},"end":{"line":120,"column":3}},"line":11},"1":{"name":"(anonymous_1)","decl":{"start":{"line":125,"column":2},"end":{"line":125,"column":3}},"loc":{"start":{"line":125,"column":32},"end":{"line":219,"column":3}},"line":125},"2":{"name":"(anonymous_2)","decl":{"start":{"line":181,"column":29},"end":{"line":181,"column":30}},"loc":{"start":{"line":181,"column":65},"end":{"line":207,"column":9}},"line":181},"3":{"name":"(anonymous_3)","decl":{"start":{"line":224,"column":2},"end":{"line":224,"column":3}},"loc":{"start":{"line":224,"column":43},"end":{"line":264,"column":3}},"line":224},"4":{"name":"(anonymous_4)","decl":{"start":{"line":242,"column":34},"end":{"line":242,"column":35}},"loc":{"start":{"line":242,"column":39},"end":{"line":242,"column":45}},"line":242},"5":{"name":"(anonymous_5)","decl":{"start":{"line":243,"column":32},"end":{"line":243,"column":33}},"loc":{"start":{"line":243,"column":37},"end":{"line":243,"column":44}},"line":243},"6":{"name":"(anonymous_6)","decl":{"start":{"line":269,"column":2},"end":{"line":269,"column":3}},"loc":{"start":{"line":269,"column":112},"end":{"line":285,"column":3}},"line":269},"7":{"name":"(anonymous_7)","decl":{"start":{"line":290,"column":2},"end":{"line":290,"column":3}},"loc":{"start":{"line":290,"column":59},"end":{"line":333,"column":3}},"line":290}},"branchMap":{"0":{"loc":{"start":{"line":11,"column":31},"end":{"line":11,"column":45}},"type":"default-arg","locations":[{"start":{"line":11,"column":41},"end":{"line":11,"column":45}}],"line":11},"1":{"loc":{"start":{"line":11,"column":47},"end":{"line":11,"column":62}},"type":"default-arg","locations":[{"start":{"line":11,"column":58},"end":{"line":11,"column":62}}],"line":11},"2":{"loc":{"start":{"line":11,"column":64},"end":{"line":11,"column":81}},"type":"default-arg","locations":[{"start":{"line":11,"column":77},"end":{"line":11,"column":81}}],"line":11},"3":{"loc":{"start":{"line":11,"column":83},"end":{"line":11,"column":99}},"type":"default-arg","locations":[{"start":{"line":11,"column":95},"end":{"line":11,"column":99}}],"line":11},"4":{"loc":{"start":{"line":26,"column":6},"end":{"line":33,"column":7}},"type":"if","locations":[{"start":{"line":26,"column":6},"end":{"line":33,"column":7}},{"start":{},"end":{}}],"line":26},"5":{"loc":{"start":{"line":38,"column":6},"end":{"line":47,"column":7}},"type":"if","locations":[{"start":{"line":38,"column":6},"end":{"line":47,"column":7}},{"start":{},"end":{}}],"line":38},"6":{"loc":{"start":{"line":54,"column":6},"end":{"line":62,"column":7}},"type":"if","locations":[{"start":{"line":54,"column":6},"end":{"line":62,"column":7}},{"start":{},"end":{}}],"line":54},"7":{"loc":{"start":{"line":64,"column":6},"end":{"line":72,"column":7}},"type":"if","locations":[{"start":{"line":64,"column":6},"end":{"line":72,"column":7}},{"start":{},"end":{}}],"line":64},"8":{"loc":{"start":{"line":80,"column":18},"end":{"line":80,"column":57}},"type":"cond-expr","locations":[{"start":{"line":80,"column":28},"end":{"line":80,"column":46}},{"start":{"line":80,"column":49},"end":{"line":80,"column":57}}],"line":80},"9":{"loc":{"start":{"line":81,"column":27},"end":{"line":81,"column":49}},"type":"binary-expr","locations":[{"start":{"line":81,"column":27},"end":{"line":81,"column":35}},{"start":{"line":81,"column":39},"end":{"line":81,"column":49}}],"line":81},"10":{"loc":{"start":{"line":95,"column":22},"end":{"line":95,"column":60}},"type":"binary-expr","locations":[{"start":{"line":95,"column":22},"end":{"line":95,"column":39}},{"start":{"line":95,"column":43},"end":{"line":95,"column":60}}],"line":95},"11":{"loc":{"start":{"line":96,"column":23},"end":{"line":96,"column":63}},"type":"binary-expr","locations":[{"start":{"line":96,"column":23},"end":{"line":96,"column":41}},{"start":{"line":96,"column":45},"end":{"line":96,"column":63}}],"line":96},"12":{"loc":{"start":{"line":136,"column":8},"end":{"line":136,"column":18}},"type":"default-arg","locations":[{"start":{"line":136,"column":16},"end":{"line":136,"column":18}}],"line":136},"13":{"loc":{"start":{"line":137,"column":8},"end":{"line":137,"column":18}},"type":"default-arg","locations":[{"start":{"line":137,"column":17},"end":{"line":137,"column":18}}],"line":137},"14":{"loc":{"start":{"line":152,"column":6},"end":{"line":154,"column":7}},"type":"if","locations":[{"start":{"line":152,"column":6},"end":{"line":154,"column":7}},{"start":{},"end":{}}],"line":152},"15":{"loc":{"start":{"line":155,"column":6},"end":{"line":157,"column":7}},"type":"if","locations":[{"start":{"line":155,"column":6},"end":{"line":157,"column":7}},{"start":{},"end":{}}],"line":155},"16":{"loc":{"start":{"line":158,"column":6},"end":{"line":160,"column":7}},"type":"if","locations":[{"start":{"line":158,"column":6},"end":{"line":160,"column":7}},{"start":{},"end":{}}],"line":158},"17":{"loc":{"start":{"line":161,"column":6},"end":{"line":163,"column":7}},"type":"if","locations":[{"start":{"line":161,"column":6},"end":{"line":163,"column":7}},{"start":{},"end":{}}],"line":161},"18":{"loc":{"start":{"line":164,"column":6},"end":{"line":166,"column":7}},"type":"if","locations":[{"start":{"line":164,"column":6},"end":{"line":166,"column":7}},{"start":{},"end":{}}],"line":164},"19":{"loc":{"start":{"line":167,"column":6},"end":{"line":169,"column":7}},"type":"if","locations":[{"start":{"line":167,"column":6},"end":{"line":169,"column":7}},{"start":{},"end":{}}],"line":167},"20":{"loc":{"start":{"line":171,"column":6},"end":{"line":173,"column":7}},"type":"if","locations":[{"start":{"line":171,"column":6},"end":{"line":173,"column":7}},{"start":{},"end":{}}],"line":171},"21":{"loc":{"start":{"line":224,"column":27},"end":{"line":224,"column":41}},"type":"default-arg","locations":[{"start":{"line":224,"column":37},"end":{"line":224,"column":41}}],"line":224},"22":{"loc":{"start":{"line":234,"column":6},"end":{"line":236,"column":7}},"type":"if","locations":[{"start":{"line":234,"column":6},"end":{"line":236,"column":7}},{"start":{},"end":{}}],"line":234},"23":{"loc":{"start":{"line":247,"column":6},"end":{"line":249,"column":7}},"type":"if","locations":[{"start":{"line":247,"column":6},"end":{"line":249,"column":7}},{"start":{},"end":{}}],"line":247},"24":{"loc":{"start":{"line":269,"column":91},"end":{"line":269,"column":110}},"type":"default-arg","locations":[{"start":{"line":269,"column":106},"end":{"line":269,"column":110}}],"line":269},"25":{"loc":{"start":{"line":290,"column":44},"end":{"line":290,"column":57}},"type":"default-arg","locations":[{"start":{"line":290,"column":53},"end":{"line":290,"column":57}}],"line":290},"26":{"loc":{"start":{"line":298,"column":6},"end":{"line":304,"column":7}},"type":"if","locations":[{"start":{"line":298,"column":6},"end":{"line":304,"column":7}},{"start":{},"end":{}}],"line":298}},"s":{"0":0,"1":0,"2":0,"3":0,"4":0,"5":0,"6":0,"7":0,"8":0,"9":0,"10":0,"11":0,"12":0,"13":0,"14":0,"15":0,"16":0,"17":0,"18":0,"19":0,"20":0,"21":0,"22":0,"23":0,"24":0,"25":0,"26":0,"27":0,"28":0,"29":0,"30":0,"31":0,"32":0,"33":0,"34":0,"35":0,"36":0,"37":0,"38":0,"39":0,"40":0,"41":0,"42":0,"43":0,"44":0,"45":0,"46":0,"47":0,"48":0,"49":0,"50":0,"51":0,"52":0,"53":0,"54":0,"55":0,"56":0,"57":0,"58":0,"59":0,"60":0,"61":0,"62":0,"63":0,"64":0,"65":0,"66":0,"67":0,"68":0,"69":0,"70":0,"71":0},"f":{"0":0,"1":0,"2":0,"3":0,"4":0,"5":0,"6":0,"7":0},"b":{"0":[0],"1":[0],"2":[0],"3":[0],"4":[0,0],"5":[0,0],"6":[0,0],"7":[0,0],"8":[0,0],"9":[0,0],"10":[0,0],"11":[0,0],"12":[0],"13":[0],"14":[0,0],"15":[0,0],"16":[0,0],"17":[0,0],"18":[0,0],"19":[0,0],"20":[0,0],"21":[0],"22":[0,0],"23":[0,0],"24":[0],"25":[0],"26":[0,0]}}
}
