TN:
SF:src/config/swagger.js
FN:340,(anonymous_0)
FN:361,(anonymous_1)
FN:367,(anonymous_2)
FNF:3
FNH:0
FNDA:0,(anonymous_0)
FNDA:0,(anonymous_1)
FNDA:0,(anonymous_2)
DA:4,0
DA:336,0
DA:340,0
DA:342,0
DA:361,0
DA:362,0
DA:363,0
DA:367,0
DA:368,0
DA:406,0
LF:10
LH:0
BRF:0
BRH:0
end_of_record
TN:
SF:src/db/connection.js
FN:23,runMigrations
FN:38,closeDatabase
FN:42,(anonymous_2)
FNF:3
FNH:0
FNDA:0,runMigrations
FNDA:0,closeDatabase
FNDA:0,(anonymous_2)
DA:9,0
DA:10,0
DA:12,0
DA:14,0
DA:21,0
DA:24,0
DA:25,0
DA:26,0
DA:27,0
DA:28,0
DA:30,0
DA:33,0
DA:34,0
DA:39,0
DA:42,0
DA:43,0
DA:44,0
LF:17
LH:0
BRDA:12,0,0,0
BRDA:12,0,1,0
BRDA:16,1,0,0
BRDA:16,1,1,0
BRDA:17,2,0,0
BRDA:17,2,1,0
BRDA:26,3,0,0
BRDA:26,3,1,0
BRF:8
BRH:0
end_of_record
TN:
SF:src/db/schema.js
FN:31,(anonymous_0)
FN:38,(anonymous_1)
FN:54,(anonymous_2)
FN:69,(anonymous_3)
FN:78,(anonymous_4)
FN:79,(anonymous_5)
FN:80,(anonymous_6)
FN:93,(anonymous_7)
FN:119,(anonymous_8)
FN:120,(anonymous_9)
FN:143,(anonymous_10)
FN:152,(anonymous_11)
FN:158,(anonymous_12)
FN:159,(anonymous_13)
FN:168,(anonymous_14)
FN:177,(anonymous_15)
FN:178,(anonymous_16)
FN:194,(anonymous_17)
FN:203,(anonymous_18)
FN:214,(anonymous_19)
FNF:20
FNH:0
FNDA:0,(anonymous_0)
FNDA:0,(anonymous_1)
FNDA:0,(anonymous_2)
FNDA:0,(anonymous_3)
FNDA:0,(anonymous_4)
FNDA:0,(anonymous_5)
FNDA:0,(anonymous_6)
FNDA:0,(anonymous_7)
FNDA:0,(anonymous_8)
FNDA:0,(anonymous_9)
FNDA:0,(anonymous_10)
FNDA:0,(anonymous_11)
FNDA:0,(anonymous_12)
FNDA:0,(anonymous_13)
FNDA:0,(anonymous_14)
FNDA:0,(anonymous_15)
FNDA:0,(anonymous_16)
FNDA:0,(anonymous_17)
FNDA:0,(anonymous_18)
FNDA:0,(anonymous_19)
DA:3,0
DA:18,0
DA:31,0
DA:36,0
DA:38,0
DA:51,0
DA:54,0
DA:69,0
DA:75,0
DA:78,0
DA:79,0
DA:80,0
DA:93,0
DA:102,0
DA:117,0
DA:119,0
DA:120,0
DA:130,0
DA:141,0
DA:143,0
DA:152,0
DA:156,0
DA:158,0
DA:159,0
DA:168,0
DA:174,0
DA:177,0
DA:178,0
DA:194,0
DA:201,0
DA:203,0
DA:214,0
LF:32
LH:0
BRF:0
BRH:0
end_of_record
TN:
SF:src/middleware/auth.js
FN:12,(anonymous_0)
FN:135,(anonymous_1)
FN:136,(anonymous_2)
FN:163,(anonymous_3)
FN:164,(anonymous_4)
FN:190,(anonymous_5)
FN:271,(anonymous_6)
FN:332,(anonymous_7)
FN:386,(anonymous_8)
FNF:9
FNH:0
FNDA:0,(anonymous_0)
FNDA:0,(anonymous_1)
FNDA:0,(anonymous_2)
FNDA:0,(anonymous_3)
FNDA:0,(anonymous_4)
FNDA:0,(anonymous_5)
FNDA:0,(anonymous_6)
FNDA:0,(anonymous_7)
FNDA:0,(anonymous_8)
DA:13,0
DA:14,0
DA:16,0
DA:17,0
DA:24,0
DA:27,0
DA:30,0
DA:31,0
DA:32,0
DA:33,0
DA:34,0
DA:41,0
DA:42,0
DA:43,0
DA:46,0
DA:48,0
DA:49,0
DA:51,0
DA:52,0
DA:56,0
DA:62,0
DA:64,0
DA:77,0
DA:80,0
DA:81,0
DA:85,0
DA:91,0
DA:101,0
DA:107,0
DA:108,0
DA:111,0
DA:120,0
DA:123,0
DA:124,0
DA:136,0
DA:137,0
DA:138,0
DA:145,0
DA:146,0
DA:148,0
DA:149,0
DA:156,0
DA:164,0
DA:165,0
DA:166,0
DA:173,0
DA:175,0
DA:176,0
DA:183,0
DA:191,0
DA:192,0
DA:198,0
DA:199,0
DA:206,0
DA:208,0
DA:209,0
DA:216,0
DA:218,0
DA:219,0
DA:227,0
DA:236,0
DA:246,0
DA:259,0
DA:260,0
DA:272,0
DA:273,0
DA:276,0
DA:282,0
DA:283,0
DA:291,0
DA:294,0
DA:308,0
DA:320,0
DA:321,0
DA:333,0
DA:334,0
DA:340,0
DA:341,0
DA:348,0
DA:350,0
DA:351,0
DA:358,0
DA:360,0
DA:368,0
DA:374,0
DA:375,0
DA:387,0
DA:388,0
DA:402,0
DA:403,0
DA:410,0
DA:419,0
DA:420,0
LF:93
LH:0
BRDA:16,0,0,0
BRDA:16,0,1,0
BRDA:16,1,0,0
BRDA:16,1,1,0
BRDA:31,2,0,0
BRDA:31,2,1,0
BRDA:41,3,0,0
BRDA:41,3,1,0
BRDA:46,4,0,0
BRDA:46,4,1,0
BRDA:51,5,0,0
BRDA:51,5,1,0
BRDA:62,6,0,0
BRDA:62,6,1,0
BRDA:68,7,0,0
BRDA:68,7,1,0
BRDA:80,8,0,0
BRDA:80,8,1,0
BRDA:96,9,0,0
BRDA:96,9,1,0
BRDA:107,10,0,0
BRDA:107,10,1,0
BRDA:107,11,0,0
BRDA:107,11,1,0
BRDA:116,12,0,0
BRDA:116,12,1,0
BRDA:137,13,0,0
BRDA:137,13,1,0
BRDA:146,14,0,0
BRDA:146,14,1,0
BRDA:148,15,0,0
BRDA:148,15,1,0
BRDA:165,16,0,0
BRDA:165,16,1,0
BRDA:173,17,0,0
BRDA:173,17,1,0
BRDA:175,18,0,0
BRDA:175,18,1,0
BRDA:175,19,0,0
BRDA:175,19,1,0
BRDA:198,20,0,0
BRDA:198,20,1,0
BRDA:208,21,0,0
BRDA:208,21,1,0
BRDA:218,22,0,0
BRDA:218,22,1,0
BRDA:254,23,0,0
BRDA:254,23,1,0
BRDA:273,24,0,0
BRDA:273,25,0,0
BRDA:282,26,0,0
BRDA:282,26,1,0
BRDA:340,27,0,0
BRDA:340,27,1,0
BRDA:350,28,0,0
BRDA:350,28,1,0
BRDA:402,29,0,0
BRDA:402,29,1,0
BRDA:414,30,0,0
BRDA:414,30,1,0
BRF:60
BRH:0
end_of_record
TN:
SF:src/routes/admin.js
FN:11,(anonymous_0)
FN:31,(anonymous_1)
FN:93,(anonymous_2)
FN:104,(anonymous_3)
FN:135,(anonymous_4)
FN:178,(anonymous_5)
FN:215,(anonymous_6)
FN:234,(anonymous_7)
FN:263,(anonymous_8)
FN:306,(anonymous_9)
FN:333,(anonymous_10)
FN:353,(anonymous_11)
FN:378,(anonymous_12)
FN:379,(anonymous_13)
FN:414,(anonymous_14)
FN:467,(anonymous_15)
FN:498,(anonymous_16)
FN:535,(anonymous_17)
FN:550,(anonymous_18)
FN:570,(anonymous_19)
FNF:20
FNH:0
FNDA:0,(anonymous_0)
FNDA:0,(anonymous_1)
FNDA:0,(anonymous_2)
FNDA:0,(anonymous_3)
FNDA:0,(anonymous_4)
FNDA:0,(anonymous_5)
FNDA:0,(anonymous_6)
FNDA:0,(anonymous_7)
FNDA:0,(anonymous_8)
FNDA:0,(anonymous_9)
FNDA:0,(anonymous_10)
FNDA:0,(anonymous_11)
FNDA:0,(anonymous_12)
FNDA:0,(anonymous_13)
FNDA:0,(anonymous_14)
FNDA:0,(anonymous_15)
FNDA:0,(anonymous_16)
FNDA:0,(anonymous_17)
FNDA:0,(anonymous_18)
FNDA:0,(anonymous_19)
DA:8,0
DA:11,0
DA:12,0
DA:13,0
DA:14,0
DA:20,0
DA:24,0
DA:29,0
DA:32,0
DA:41,0
DA:82,0
DA:93,0
DA:104,0
DA:112,0
DA:118,0
DA:119,0
DA:133,0
DA:136,0
DA:137,0
DA:139,0
DA:141,0
DA:142,0
DA:145,0
DA:150,0
DA:156,0
DA:157,0
DA:167,0
DA:179,0
DA:180,0
DA:187,0
DA:192,0
DA:198,0
DA:199,0
DA:213,0
DA:216,0
DA:217,0
DA:219,0
DA:226,0
DA:227,0
DA:230,0
DA:232,0
DA:234,0
DA:241,0
DA:242,0
DA:252,0
DA:264,0
DA:265,0
DA:271,0
DA:276,0
DA:282,0
DA:283,0
DA:297,0
DA:307,0
DA:308,0
DA:310,0
DA:317,0
DA:318,0
DA:319,0
DA:320,0
DA:322,0
DA:323,0
DA:326,0
DA:331,0
DA:333,0
DA:340,0
DA:341,0
DA:351,0
DA:354,0
DA:355,0
DA:357,0
DA:367,0
DA:368,0
DA:375,0
DA:376,0
DA:377,0
DA:378,0
DA:379,0
DA:381,0
DA:391,0
DA:392,0
DA:406,0
DA:415,0
DA:416,0
DA:418,0
DA:429,0
DA:430,0
DA:431,0
DA:432,0
DA:434,0
DA:435,0
DA:438,0
DA:440,0
DA:446,0
DA:447,0
DA:457,0
DA:468,0
DA:469,0
DA:471,0
DA:482,0
DA:483,0
DA:484,0
DA:485,0
DA:487,0
DA:488,0
DA:491,0
DA:496,0
DA:498,0
DA:518,0
DA:519,0
DA:533,0
DA:536,0
DA:537,0
DA:548,0
DA:550,0
DA:557,0
DA:558,0
DA:570,0
DA:571,0
LF:118
LH:0
BRDA:13,0,0,0
BRDA:13,0,1,0
BRDA:86,1,0,0
BRDA:86,1,1,0
BRDA:88,2,0,0
BRDA:88,2,1,0
BRDA:108,3,0,0
BRDA:108,3,1,0
BRDA:137,4,0,0
BRDA:137,5,0,0
BRDA:141,6,0,0
BRDA:141,6,1,0
BRDA:226,7,0,0
BRDA:226,7,1,0
BRDA:308,8,0,0
BRDA:308,9,0,0
BRDA:318,10,0,0
BRDA:318,10,1,0
BRDA:319,11,0,0
BRDA:319,11,1,0
BRDA:320,12,0,0
BRDA:320,12,1,0
BRDA:322,13,0,0
BRDA:322,13,1,0
BRDA:367,14,0,0
BRDA:367,14,1,0
BRDA:430,15,0,0
BRDA:430,15,1,0
BRDA:431,16,0,0
BRDA:431,16,1,0
BRDA:432,17,0,0
BRDA:432,17,1,0
BRDA:434,18,0,0
BRDA:434,18,1,0
BRDA:469,19,0,0
BRDA:469,20,0,0
BRDA:483,21,0,0
BRDA:483,21,1,0
BRDA:484,22,0,0
BRDA:484,22,1,0
BRDA:485,23,0,0
BRDA:485,23,1,0
BRDA:487,24,0,0
BRDA:487,24,1,0
BRDA:500,25,0,0
BRDA:500,25,1,0
BRDA:505,26,0,0
BRDA:505,26,1,0
BRDA:509,27,0,0
BRDA:509,27,1,0
BRDA:552,28,0,0
BRDA:552,28,1,0
BRF:52
BRH:0
end_of_record
TN:
SF:src/routes/api.js
FN:29,(anonymous_0)
FN:46,(anonymous_1)
FN:66,(anonymous_2)
FN:105,(anonymous_3)
FN:147,(anonymous_4)
FN:178,(anonymous_5)
FN:223,(anonymous_6)
FN:250,(anonymous_7)
FN:292,(anonymous_8)
FN:312,(anonymous_9)
FN:355,(anonymous_10)
FN:379,(anonymous_11)
FN:389,(anonymous_12)
FN:426,(anonymous_13)
FNF:14
FNH:0
FNDA:0,(anonymous_0)
FNDA:0,(anonymous_1)
FNDA:0,(anonymous_2)
FNDA:0,(anonymous_3)
FNDA:0,(anonymous_4)
FNDA:0,(anonymous_5)
FNDA:0,(anonymous_6)
FNDA:0,(anonymous_7)
FNDA:0,(anonymous_8)
FNDA:0,(anonymous_9)
FNDA:0,(anonymous_10)
FNDA:0,(anonymous_11)
FNDA:0,(anonymous_12)
FNDA:0,(anonymous_13)
DA:13,0
DA:16,0
DA:22,0
DA:29,0
DA:30,0
DA:31,0
DA:32,0
DA:38,0
DA:46,0
DA:47,0
DA:48,0
DA:50,0
DA:56,0
DA:57,0
DA:66,0
DA:67,0
DA:68,0
DA:71,0
DA:75,0
DA:76,0
DA:84,0
DA:88,0
DA:95,0
DA:96,0
DA:105,0
DA:106,0
DA:107,0
DA:109,0
DA:111,0
DA:112,0
DA:119,0
DA:124,0
DA:125,0
DA:138,0
DA:148,0
DA:149,0
DA:150,0
DA:152,0
DA:160,0
DA:161,0
DA:164,0
DA:165,0
DA:175,0
DA:179,0
DA:191,0
DA:193,0
DA:206,0
DA:207,0
DA:210,0
DA:211,0
DA:221,0
DA:224,0
DA:225,0
DA:226,0
DA:229,0
DA:232,0
DA:233,0
DA:243,0
DA:251,0
DA:252,0
DA:253,0
DA:255,0
DA:261,0
DA:262,0
DA:265,0
DA:266,0
DA:280,0
DA:293,0
DA:294,0
DA:295,0
DA:296,0
DA:299,0
DA:300,0
DA:310,0
DA:313,0
DA:314,0
DA:315,0
DA:318,0
DA:319,0
DA:321,0
DA:322,0
DA:326,0
DA:328,0
DA:329,0
DA:332,0
DA:333,0
DA:335,0
DA:338,0
DA:341,0
DA:342,0
DA:348,0
DA:356,0
DA:357,0
DA:358,0
DA:360,0
DA:361,0
DA:364,0
DA:365,0
DA:379,0
DA:380,0
DA:389,0
DA:390,0
DA:426,0
DA:427,0
DA:428,0
DA:429,0
DA:430,0
DA:434,0
DA:439,0
DA:440,0
DA:444,0
DA:445,0
DA:452,0
DA:454,0
DA:465,0
DA:467,0
DA:468,0
DA:474,0
DA:475,0
DA:482,0
LF:120
LH:0
BRDA:31,0,0,0
BRDA:31,0,1,0
BRDA:75,1,0,0
BRDA:75,1,1,0
BRDA:111,2,0,0
BRDA:111,2,1,0
BRDA:150,3,0,0
BRDA:150,3,1,0
BRDA:160,4,0,0
BRDA:160,4,1,0
BRDA:189,5,0,0
BRDA:190,6,0,0
BRDA:198,7,0,0
BRDA:198,7,1,0
BRDA:199,8,0,0
BRDA:199,8,1,0
BRDA:227,9,0,0
BRDA:227,9,1,0
BRDA:261,10,0,0
BRDA:261,10,1,0
BRDA:295,11,0,0
BRDA:295,11,1,0
BRDA:326,12,0,0
BRDA:326,12,1,0
BRDA:326,12,2,0
BRDA:360,13,0,0
BRDA:360,13,1,0
BRDA:429,14,0,0
BRDA:429,14,1,0
BRDA:439,15,0,0
BRDA:439,15,1,0
BRDA:439,16,0,0
BRDA:439,16,1,0
BRDA:444,17,0,0
BRDA:444,17,1,0
BRDA:460,18,0,0
BRDA:460,18,1,0
BRDA:467,19,0,0
BRDA:467,19,1,0
BRDA:467,20,0,0
BRDA:467,20,1,0
BRDA:474,21,0,0
BRDA:474,21,1,0
BRF:43
BRH:0
end_of_record
TN:
SF:src/routes/auth.js
FN:23,(anonymous_0)
FN:50,(anonymous_1)
FN:75,(anonymous_2)
FN:113,(anonymous_3)
FN:121,(anonymous_4)
FN:169,(anonymous_5)
FN:200,(anonymous_6)
FN:215,(anonymous_7)
FN:233,(anonymous_8)
FNF:9
FNH:0
FNDA:0,(anonymous_0)
FNDA:0,(anonymous_1)
FNDA:0,(anonymous_2)
FNDA:0,(anonymous_3)
FNDA:0,(anonymous_4)
FNDA:0,(anonymous_5)
FNDA:0,(anonymous_6)
FNDA:0,(anonymous_7)
FNDA:0,(anonymous_8)
DA:7,0
DA:10,0
DA:23,0
DA:24,0
DA:25,0
DA:26,0
DA:32,0
DA:38,0
DA:51,0
DA:52,0
DA:54,0
DA:56,0
DA:57,0
DA:60,0
DA:61,0
DA:73,0
DA:76,0
DA:77,0
DA:79,0
DA:80,0
DA:85,0
DA:89,0
DA:90,0
DA:102,0
DA:114,0
DA:115,0
DA:117,0
DA:122,0
DA:123,0
DA:124,0
DA:126,0
DA:128,0
DA:129,0
DA:132,0
DA:133,0
DA:145,0
DA:170,0
DA:171,0
DA:173,0
DA:181,0
DA:182,0
DA:185,0
DA:186,0
DA:198,0
DA:203,0
DA:213,0
DA:216,0
DA:233,0
DA:234,0
LF:49
LH:0
BRDA:25,0,0,0
BRDA:25,0,1,0
BRDA:56,1,0,0
BRDA:56,1,1,0
BRDA:79,2,0,0
BRDA:79,2,1,0
BRDA:114,3,0,0
BRDA:114,3,1,0
BRDA:128,4,0,0
BRDA:128,4,1,0
BRDA:178,5,0,0
BRDA:178,5,1,0
BRDA:181,6,0,0
BRDA:181,6,1,0
BRF:14
BRH:0
end_of_record
TN:
SF:src/routes/demo.js
FN:9,(anonymous_0)
FN:48,(anonymous_1)
FNF:2
FNH:0
FNDA:0,(anonymous_0)
FNDA:0,(anonymous_1)
DA:6,0
DA:9,0
DA:10,0
DA:11,0
DA:20,0
DA:25,0
DA:43,0
DA:48,0
DA:49,0
DA:51,0
DA:52,0
DA:53,0
DA:54,0
DA:56,0
LF:14
LH:0
BRDA:29,0,0,0
BRDA:29,0,1,0
BRDA:30,1,0,0
BRDA:30,1,1,0
BRDA:31,2,0,0
BRDA:31,2,1,0
BRDA:32,3,0,0
BRDA:32,3,1,0
BRDA:33,4,0,0
BRDA:33,4,1,0
BRDA:33,5,0,0
BRDA:33,5,1,0
BRDA:33,6,0,0
BRDA:33,6,1,0
BRF:14
BRH:0
end_of_record
TN:
SF:src/routes/pwa.js
FN:25,(anonymous_0)
FN:44,(anonymous_1)
FN:63,(anonymous_2)
FN:69,(anonymous_3)
FNF:4
FNH:0
FNDA:0,(anonymous_0)
FNDA:0,(anonymous_1)
FNDA:0,(anonymous_2)
FNDA:0,(anonymous_3)
DA:5,0
DA:6,0
DA:8,0
DA:25,0
DA:26,0
DA:44,0
DA:45,0
DA:63,0
DA:64,0
DA:65,0
DA:69,0
DA:70,0
LF:12
LH:0
BRF:0
BRH:0
end_of_record
TN:
SF:src/services/agorapassIntegration.js
FN:2,(anonymous_0)
FN:8,(anonymous_1)
FN:27,(anonymous_2)
FN:52,(anonymous_3)
FNF:4
FNH:0
FNDA:0,(anonymous_0)
FNDA:0,(anonymous_1)
FNDA:0,(anonymous_2)
FNDA:0,(anonymous_3)
DA:3,0
DA:4,0
DA:5,0
DA:9,0
DA:19,0
DA:20,0
DA:21,0
DA:24,0
DA:28,0
DA:29,0
DA:32,0
DA:33,0
DA:44,0
DA:45,0
DA:47,0
DA:48,0
DA:53,0
DA:54,0
DA:62,0
DA:63,0
DA:65,0
DA:66,0
DA:71,0
LF:23
LH:0
BRDA:3,0,0,0
BRDA:3,0,1,0
BRDA:4,1,0,0
BRDA:4,1,1,0
BRDA:5,2,0,0
BRDA:5,2,1,0
BRDA:19,3,0,0
BRDA:19,3,1,0
BRDA:27,4,0,0
BRDA:28,5,0,0
BRDA:28,5,1,0
BRDA:35,6,0,0
BRDA:35,6,1,0
BRDA:40,7,0,0
BRDA:40,7,1,0
BRDA:41,8,0,0
BRDA:41,8,1,0
BRDA:52,9,0,0
BRF:18
BRH:0
end_of_record
TN:
SF:src/services/payment.js
FN:11,(anonymous_0)
FN:27,(anonymous_1)
FN:204,(anonymous_2)
FN:269,(anonymous_3)
FN:300,(anonymous_4)
FN:301,(anonymous_5)
FN:309,(anonymous_6)
FN:310,(anonymous_7)
FN:313,(anonymous_8)
FN:400,(anonymous_9)
FN:444,(anonymous_10)
FN:453,(anonymous_11)
FN:462,(anonymous_12)
FN:475,(anonymous_13)
FNF:14
FNH:0
FNDA:0,(anonymous_0)
FNDA:0,(anonymous_1)
FNDA:0,(anonymous_2)
FNDA:0,(anonymous_3)
FNDA:0,(anonymous_4)
FNDA:0,(anonymous_5)
FNDA:0,(anonymous_6)
FNDA:0,(anonymous_7)
FNDA:0,(anonymous_8)
FNDA:0,(anonymous_9)
FNDA:0,(anonymous_10)
FNDA:0,(anonymous_11)
FNDA:0,(anonymous_12)
FNDA:0,(anonymous_13)
DA:12,0
DA:13,0
DA:15,0
DA:16,0
DA:20,0
DA:28,0
DA:39,0
DA:42,0
DA:57,0
DA:58,0
DA:65,0
DA:68,0
DA:69,0
DA:70,0
DA:72,0
DA:73,0
DA:74,0
DA:81,0
DA:82,0
DA:91,0
DA:92,0
DA:100,0
DA:103,0
DA:104,0
DA:105,0
DA:106,0
DA:107,0
DA:110,0
DA:131,0
DA:132,0
DA:137,0
DA:170,0
DA:178,0
DA:192,0
DA:193,0
DA:205,0
DA:206,0
DA:207,0
DA:208,0
DA:209,0
DA:210,0
DA:213,0
DA:219,0
DA:220,0
DA:224,0
DA:234,0
DA:235,0
DA:236,0
DA:237,0
DA:242,0
DA:245,0
DA:248,0
DA:253,0
DA:261,0
DA:262,0
DA:270,0
DA:271,0
DA:272,0
DA:275,0
DA:281,0
DA:301,0
DA:302,0
DA:308,0
DA:309,0
DA:310,0
DA:311,0
DA:313,0
DA:314,0
DA:315,0
DA:316,0
DA:317,0
DA:320,0
DA:326,0
DA:327,0
DA:328,0
DA:330,0
DA:333,0
DA:334,0
DA:345,0
DA:346,0
DA:352,0
DA:353,0
DA:354,0
DA:356,0
DA:357,0
DA:360,0
DA:361,0
DA:364,0
DA:367,0
DA:375,0
DA:381,0
DA:384,0
DA:385,0
DA:387,0
DA:389,0
DA:391,0
DA:401,0
DA:403,0
DA:405,0
DA:414,0
DA:416,0
DA:425,0
DA:437,0
DA:445,0
DA:446,0
DA:447,0
DA:454,0
DA:455,0
DA:456,0
DA:463,0
DA:469,0
DA:476,0
DA:477,0
DA:483,0
DA:484,0
DA:491,0
DA:492,0
DA:500,0
DA:510,0
DA:520,0
DA:529,0
DA:536,0
DA:537,0
LF:123
LH:0
BRDA:15,0,0,0
BRDA:15,0,1,0
BRDA:38,1,0,0
BRDA:57,2,0,0
BRDA:57,2,1,0
BRDA:72,3,0,0
BRDA:72,3,1,0
BRDA:73,4,0,0
BRDA:73,4,1,0
BRDA:81,5,0,0
BRDA:81,5,1,0
BRDA:91,6,0,0
BRDA:91,6,1,0
BRDA:104,7,0,0
BRDA:104,7,1,0
BRDA:131,8,0,0
BRDA:131,8,1,0
BRDA:146,9,0,0
BRDA:146,9,1,0
BRDA:188,10,0,0
BRDA:188,10,1,0
BRDA:219,11,0,0
BRDA:219,11,1,0
BRDA:414,12,0,0
BRDA:414,12,1,0
BRDA:475,13,0,0
BRDA:483,14,0,0
BRDA:483,14,1,0
BRDA:491,15,0,0
BRDA:491,15,1,0
BRDA:505,16,0,0
BRDA:505,16,1,0
BRF:32
BRH:0
end_of_record
TN:
SF:src/services/ticketValidation.js
FN:12,(anonymous_0)
FN:136,(anonymous_1)
FN:192,(anonymous_2)
FN:235,(anonymous_3)
FN:253,(anonymous_4)
FN:254,(anonymous_5)
FN:280,(anonymous_6)
FN:301,(anonymous_7)
FNF:8
FNH:0
FNDA:0,(anonymous_0)
FNDA:0,(anonymous_1)
FNDA:0,(anonymous_2)
FNDA:0,(anonymous_3)
FNDA:0,(anonymous_4)
FNDA:0,(anonymous_5)
FNDA:0,(anonymous_6)
FNDA:0,(anonymous_7)
DA:13,0
DA:15,0
DA:27,0
DA:28,0
DA:29,0
DA:36,0
DA:39,0
DA:40,0
DA:41,0
DA:51,0
DA:52,0
DA:53,0
DA:55,0
DA:56,0
DA:57,0
DA:65,0
DA:66,0
DA:67,0
DA:76,0
DA:88,0
DA:91,0
DA:93,0
DA:100,0
DA:123,0
DA:124,0
DA:125,0
DA:137,0
DA:149,0
DA:151,0
DA:161,0
DA:163,0
DA:164,0
DA:166,0
DA:167,0
DA:169,0
DA:170,0
DA:172,0
DA:173,0
DA:175,0
DA:176,0
DA:178,0
DA:179,0
DA:182,0
DA:183,0
DA:186,0
DA:190,0
DA:192,0
DA:223,0
DA:224,0
DA:236,0
DA:237,0
DA:245,0
DA:246,0
DA:249,0
DA:251,0
DA:253,0
DA:254,0
DA:258,0
DA:259,0
DA:262,0
DA:268,0
DA:269,0
DA:281,0
DA:282,0
DA:294,0
DA:302,0
DA:303,0
DA:309,0
DA:310,0
DA:317,0
DA:329,0
DA:331,0
DA:337,0
DA:338,0
LF:74
LH:0
BRDA:12,0,0,0
BRDA:12,1,0,0
BRDA:12,2,0,0
BRDA:12,3,0,0
BRDA:27,4,0,0
BRDA:27,4,1,0
BRDA:39,5,0,0
BRDA:39,5,1,0
BRDA:55,6,0,0
BRDA:55,6,1,0
BRDA:65,7,0,0
BRDA:65,7,1,0
BRDA:81,8,0,0
BRDA:81,8,1,0
BRDA:82,9,0,0
BRDA:82,9,1,0
BRDA:91,10,0,0
BRDA:91,10,1,0
BRDA:94,11,0,0
BRDA:94,11,1,0
BRDA:106,12,0,0
BRDA:106,12,1,0
BRDA:107,13,0,0
BRDA:107,13,1,0
BRDA:147,14,0,0
BRDA:148,15,0,0
BRDA:163,16,0,0
BRDA:163,16,1,0
BRDA:166,17,0,0
BRDA:166,17,1,0
BRDA:169,18,0,0
BRDA:169,18,1,0
BRDA:172,19,0,0
BRDA:172,19,1,0
BRDA:175,20,0,0
BRDA:175,20,1,0
BRDA:178,21,0,0
BRDA:178,21,1,0
BRDA:182,22,0,0
BRDA:182,22,1,0
BRDA:235,23,0,0
BRDA:245,24,0,0
BRDA:245,24,1,0
BRDA:258,25,0,0
BRDA:258,25,1,0
BRDA:280,26,0,0
BRDA:301,27,0,0
BRDA:309,28,0,0
BRDA:309,28,1,0
BRF:49
BRH:0
end_of_record
TN:
SF:src/utils/hubspot-webhook.js
FN:7,sendHubSpotWebhook
FNF:1
FNH:0
FNDA:0,sendHubSpotWebhook
DA:5,0
DA:8,0
DA:9,0
DA:12,0
DA:13,0
DA:18,0
DA:20,0
DA:21,0
DA:25,0
LF:9
LH:0
BRDA:5,0,0,0
BRDA:5,0,1,0
BRDA:8,1,0,0
BRDA:8,1,1,0
BRF:4
BRH:0
end_of_record
