TN:
SF:src/db/connection.js
FN:42,runMigrations
FN:61,closeDatabase
FN:66,(anonymous_2)
FNF:3
FNH:0
FNDA:0,runMigrations
FNDA:0,closeDatabase
FNDA:0,(anonymous_2)
DA:9,0
DA:10,0
DA:13,0
DA:14,0
DA:17,0
DA:18,0
DA:19,0
DA:23,0
DA:28,0
DA:29,0
DA:30,0
DA:31,0
DA:32,0
DA:35,0
DA:36,0
DA:39,0
DA:43,0
DA:44,0
DA:48,0
DA:49,0
DA:50,0
DA:52,0
DA:55,0
DA:56,0
DA:62,0
DA:66,0
DA:67,0
DA:68,0
LF:28
LH:0
BRDA:13,0,0,0
BRDA:13,0,1,0
BRDA:14,1,0,0
BRDA:14,1,1,0
BRDA:18,2,0,0
BRDA:18,2,1,0
BRDA:24,3,0,0
BRDA:24,3,1,0
BRDA:35,4,0,0
BRDA:35,4,1,0
BRDA:48,5,0,0
BRDA:48,5,1,0
BRDA:48,6,0,0
BRDA:48,6,1,0
BRF:14
BRH:0
end_of_record
TN:
SF:src/db/schema.js
FN:22,(anonymous_0)
FN:39,(anonymous_1)
FN:51,(anonymous_2)
FN:61,(anonymous_3)
FN:62,(anonymous_4)
FN:63,(anonymous_5)
FN:76,(anonymous_6)
FN:102,(anonymous_7)
FN:103,(anonymous_8)
FN:128,(anonymous_9)
FN:134,(anonymous_10)
FNF:11
FNH:0
FNDA:0,(anonymous_0)
FNDA:0,(anonymous_1)
FNDA:0,(anonymous_2)
FNDA:0,(anonymous_3)
FNDA:0,(anonymous_4)
FNDA:0,(anonymous_5)
FNDA:0,(anonymous_6)
FNDA:0,(anonymous_7)
FNDA:0,(anonymous_8)
FNDA:0,(anonymous_9)
FNDA:0,(anonymous_10)
DA:5,0
DA:20,0
DA:22,0
DA:36,0
DA:39,0
DA:51,0
DA:58,0
DA:61,0
DA:62,0
DA:63,0
DA:76,0
DA:86,0
DA:100,0
DA:102,0
DA:103,0
DA:114,0
DA:126,0
DA:128,0
DA:134,0
LF:19
LH:0
BRF:0
BRH:0
end_of_record
TN:
SF:src/middleware/auth.js
FN:12,(anonymous_0)
FN:66,(anonymous_1)
FN:67,(anonymous_2)
FN:94,(anonymous_3)
FN:95,(anonymous_4)
FN:121,(anonymous_5)
FN:202,(anonymous_6)
FN:263,(anonymous_7)
FN:317,(anonymous_8)
FNF:9
FNH:0
FNDA:0,(anonymous_0)
FNDA:0,(anonymous_1)
FNDA:0,(anonymous_2)
FNDA:0,(anonymous_3)
FNDA:0,(anonymous_4)
FNDA:0,(anonymous_5)
FNDA:0,(anonymous_6)
FNDA:0,(anonymous_7)
FNDA:0,(anonymous_8)
DA:13,0
DA:14,0
DA:16,0
DA:17,0
DA:24,0
DA:26,0
DA:29,0
DA:35,0
DA:36,0
DA:43,0
DA:51,0
DA:54,0
DA:55,0
DA:67,0
DA:68,0
DA:69,0
DA:76,0
DA:77,0
DA:79,0
DA:80,0
DA:87,0
DA:95,0
DA:96,0
DA:97,0
DA:104,0
DA:106,0
DA:107,0
DA:114,0
DA:122,0
DA:123,0
DA:129,0
DA:130,0
DA:137,0
DA:139,0
DA:140,0
DA:147,0
DA:149,0
DA:150,0
DA:158,0
DA:167,0
DA:177,0
DA:190,0
DA:191,0
DA:203,0
DA:204,0
DA:207,0
DA:213,0
DA:214,0
DA:222,0
DA:225,0
DA:239,0
DA:251,0
DA:252,0
DA:264,0
DA:265,0
DA:271,0
DA:272,0
DA:279,0
DA:281,0
DA:282,0
DA:289,0
DA:291,0
DA:299,0
DA:305,0
DA:306,0
DA:318,0
DA:319,0
DA:333,0
DA:334,0
DA:341,0
DA:350,0
DA:351,0
LF:72
LH:0
BRDA:16,0,0,0
BRDA:16,0,1,0
BRDA:16,1,0,0
BRDA:16,1,1,0
BRDA:35,2,0,0
BRDA:35,2,1,0
BRDA:35,3,0,0
BRDA:35,3,1,0
BRDA:48,4,0,0
BRDA:48,4,1,0
BRDA:68,5,0,0
BRDA:68,5,1,0
BRDA:77,6,0,0
BRDA:77,6,1,0
BRDA:79,7,0,0
BRDA:79,7,1,0
BRDA:96,8,0,0
BRDA:96,8,1,0
BRDA:104,9,0,0
BRDA:104,9,1,0
BRDA:106,10,0,0
BRDA:106,10,1,0
BRDA:106,11,0,0
BRDA:106,11,1,0
BRDA:129,12,0,0
BRDA:129,12,1,0
BRDA:139,13,0,0
BRDA:139,13,1,0
BRDA:149,14,0,0
BRDA:149,14,1,0
BRDA:185,15,0,0
BRDA:185,15,1,0
BRDA:204,16,0,0
BRDA:204,17,0,0
BRDA:213,18,0,0
BRDA:213,18,1,0
BRDA:271,19,0,0
BRDA:271,19,1,0
BRDA:281,20,0,0
BRDA:281,20,1,0
BRDA:333,21,0,0
BRDA:333,21,1,0
BRDA:345,22,0,0
BRDA:345,22,1,0
BRF:44
BRH:0
end_of_record
TN:
SF:src/routes/admin.js
FN:11,(anonymous_0)
FN:31,(anonymous_1)
FN:93,(anonymous_2)
FN:104,(anonymous_3)
FN:135,(anonymous_4)
FN:178,(anonymous_5)
FN:215,(anonymous_6)
FN:234,(anonymous_7)
FN:263,(anonymous_8)
FN:306,(anonymous_9)
FN:333,(anonymous_10)
FN:353,(anonymous_11)
FN:378,(anonymous_12)
FN:379,(anonymous_13)
FN:414,(anonymous_14)
FN:467,(anonymous_15)
FN:498,(anonymous_16)
FN:535,(anonymous_17)
FN:550,(anonymous_18)
FN:570,(anonymous_19)
FNF:20
FNH:0
FNDA:0,(anonymous_0)
FNDA:0,(anonymous_1)
FNDA:0,(anonymous_2)
FNDA:0,(anonymous_3)
FNDA:0,(anonymous_4)
FNDA:0,(anonymous_5)
FNDA:0,(anonymous_6)
FNDA:0,(anonymous_7)
FNDA:0,(anonymous_8)
FNDA:0,(anonymous_9)
FNDA:0,(anonymous_10)
FNDA:0,(anonymous_11)
FNDA:0,(anonymous_12)
FNDA:0,(anonymous_13)
FNDA:0,(anonymous_14)
FNDA:0,(anonymous_15)
FNDA:0,(anonymous_16)
FNDA:0,(anonymous_17)
FNDA:0,(anonymous_18)
FNDA:0,(anonymous_19)
DA:8,0
DA:11,0
DA:12,0
DA:13,0
DA:14,0
DA:20,0
DA:24,0
DA:29,0
DA:32,0
DA:41,0
DA:82,0
DA:93,0
DA:104,0
DA:112,0
DA:118,0
DA:119,0
DA:133,0
DA:136,0
DA:137,0
DA:139,0
DA:141,0
DA:142,0
DA:145,0
DA:150,0
DA:156,0
DA:157,0
DA:167,0
DA:179,0
DA:180,0
DA:187,0
DA:192,0
DA:198,0
DA:199,0
DA:213,0
DA:216,0
DA:217,0
DA:219,0
DA:226,0
DA:227,0
DA:230,0
DA:232,0
DA:234,0
DA:241,0
DA:242,0
DA:252,0
DA:264,0
DA:265,0
DA:271,0
DA:276,0
DA:282,0
DA:283,0
DA:297,0
DA:307,0
DA:308,0
DA:310,0
DA:317,0
DA:318,0
DA:319,0
DA:320,0
DA:322,0
DA:323,0
DA:326,0
DA:331,0
DA:333,0
DA:340,0
DA:341,0
DA:351,0
DA:354,0
DA:355,0
DA:357,0
DA:367,0
DA:368,0
DA:375,0
DA:376,0
DA:377,0
DA:378,0
DA:379,0
DA:381,0
DA:391,0
DA:392,0
DA:406,0
DA:415,0
DA:416,0
DA:418,0
DA:429,0
DA:430,0
DA:431,0
DA:432,0
DA:434,0
DA:435,0
DA:438,0
DA:440,0
DA:446,0
DA:447,0
DA:457,0
DA:468,0
DA:469,0
DA:471,0
DA:482,0
DA:483,0
DA:484,0
DA:485,0
DA:487,0
DA:488,0
DA:491,0
DA:496,0
DA:498,0
DA:518,0
DA:519,0
DA:533,0
DA:536,0
DA:537,0
DA:548,0
DA:550,0
DA:557,0
DA:558,0
DA:570,0
DA:571,0
LF:118
LH:0
BRDA:13,0,0,0
BRDA:13,0,1,0
BRDA:86,1,0,0
BRDA:86,1,1,0
BRDA:88,2,0,0
BRDA:88,2,1,0
BRDA:108,3,0,0
BRDA:108,3,1,0
BRDA:137,4,0,0
BRDA:137,5,0,0
BRDA:141,6,0,0
BRDA:141,6,1,0
BRDA:226,7,0,0
BRDA:226,7,1,0
BRDA:308,8,0,0
BRDA:308,9,0,0
BRDA:318,10,0,0
BRDA:318,10,1,0
BRDA:319,11,0,0
BRDA:319,11,1,0
BRDA:320,12,0,0
BRDA:320,12,1,0
BRDA:322,13,0,0
BRDA:322,13,1,0
BRDA:367,14,0,0
BRDA:367,14,1,0
BRDA:430,15,0,0
BRDA:430,15,1,0
BRDA:431,16,0,0
BRDA:431,16,1,0
BRDA:432,17,0,0
BRDA:432,17,1,0
BRDA:434,18,0,0
BRDA:434,18,1,0
BRDA:469,19,0,0
BRDA:469,20,0,0
BRDA:483,21,0,0
BRDA:483,21,1,0
BRDA:484,22,0,0
BRDA:484,22,1,0
BRDA:485,23,0,0
BRDA:485,23,1,0
BRDA:487,24,0,0
BRDA:487,24,1,0
BRDA:500,25,0,0
BRDA:500,25,1,0
BRDA:505,26,0,0
BRDA:505,26,1,0
BRDA:509,27,0,0
BRDA:509,27,1,0
BRDA:552,28,0,0
BRDA:552,28,1,0
BRF:52
BRH:0
end_of_record
TN:
SF:src/routes/api.js
FN:29,(anonymous_0)
FN:46,(anonymous_1)
FN:66,(anonymous_2)
FN:105,(anonymous_3)
FN:147,(anonymous_4)
FN:178,(anonymous_5)
FN:223,(anonymous_6)
FN:250,(anonymous_7)
FN:292,(anonymous_8)
FN:312,(anonymous_9)
FN:355,(anonymous_10)
FN:379,(anonymous_11)
FN:389,(anonymous_12)
FNF:13
FNH:0
FNDA:0,(anonymous_0)
FNDA:0,(anonymous_1)
FNDA:0,(anonymous_2)
FNDA:0,(anonymous_3)
FNDA:0,(anonymous_4)
FNDA:0,(anonymous_5)
FNDA:0,(anonymous_6)
FNDA:0,(anonymous_7)
FNDA:0,(anonymous_8)
FNDA:0,(anonymous_9)
FNDA:0,(anonymous_10)
FNDA:0,(anonymous_11)
FNDA:0,(anonymous_12)
DA:13,0
DA:16,0
DA:22,0
DA:29,0
DA:30,0
DA:31,0
DA:32,0
DA:38,0
DA:46,0
DA:47,0
DA:48,0
DA:50,0
DA:56,0
DA:57,0
DA:66,0
DA:67,0
DA:68,0
DA:71,0
DA:75,0
DA:76,0
DA:84,0
DA:88,0
DA:95,0
DA:96,0
DA:105,0
DA:106,0
DA:107,0
DA:109,0
DA:111,0
DA:112,0
DA:119,0
DA:124,0
DA:125,0
DA:138,0
DA:148,0
DA:149,0
DA:150,0
DA:152,0
DA:160,0
DA:161,0
DA:164,0
DA:165,0
DA:175,0
DA:179,0
DA:191,0
DA:193,0
DA:206,0
DA:207,0
DA:210,0
DA:211,0
DA:221,0
DA:224,0
DA:225,0
DA:226,0
DA:229,0
DA:232,0
DA:233,0
DA:243,0
DA:251,0
DA:252,0
DA:253,0
DA:255,0
DA:261,0
DA:262,0
DA:265,0
DA:266,0
DA:280,0
DA:293,0
DA:294,0
DA:295,0
DA:296,0
DA:299,0
DA:300,0
DA:310,0
DA:313,0
DA:314,0
DA:315,0
DA:318,0
DA:319,0
DA:321,0
DA:322,0
DA:326,0
DA:328,0
DA:329,0
DA:332,0
DA:333,0
DA:335,0
DA:338,0
DA:341,0
DA:342,0
DA:348,0
DA:356,0
DA:357,0
DA:358,0
DA:360,0
DA:361,0
DA:364,0
DA:365,0
DA:379,0
DA:380,0
DA:389,0
DA:390,0
LF:102
LH:0
BRDA:31,0,0,0
BRDA:31,0,1,0
BRDA:75,1,0,0
BRDA:75,1,1,0
BRDA:111,2,0,0
BRDA:111,2,1,0
BRDA:150,3,0,0
BRDA:150,3,1,0
BRDA:160,4,0,0
BRDA:160,4,1,0
BRDA:189,5,0,0
BRDA:190,6,0,0
BRDA:198,7,0,0
BRDA:198,7,1,0
BRDA:199,8,0,0
BRDA:199,8,1,0
BRDA:227,9,0,0
BRDA:227,9,1,0
BRDA:261,10,0,0
BRDA:261,10,1,0
BRDA:295,11,0,0
BRDA:295,11,1,0
BRDA:326,12,0,0
BRDA:326,12,1,0
BRDA:326,12,2,0
BRDA:360,13,0,0
BRDA:360,13,1,0
BRF:27
BRH:0
end_of_record
TN:
SF:src/routes/auth.js
FN:23,(anonymous_0)
FN:50,(anonymous_1)
FN:75,(anonymous_2)
FN:113,(anonymous_3)
FN:121,(anonymous_4)
FN:169,(anonymous_5)
FN:200,(anonymous_6)
FN:215,(anonymous_7)
FN:233,(anonymous_8)
FNF:9
FNH:0
FNDA:0,(anonymous_0)
FNDA:0,(anonymous_1)
FNDA:0,(anonymous_2)
FNDA:0,(anonymous_3)
FNDA:0,(anonymous_4)
FNDA:0,(anonymous_5)
FNDA:0,(anonymous_6)
FNDA:0,(anonymous_7)
FNDA:0,(anonymous_8)
DA:7,0
DA:10,0
DA:23,0
DA:24,0
DA:25,0
DA:26,0
DA:32,0
DA:38,0
DA:51,0
DA:52,0
DA:54,0
DA:56,0
DA:57,0
DA:60,0
DA:61,0
DA:73,0
DA:76,0
DA:77,0
DA:79,0
DA:80,0
DA:85,0
DA:89,0
DA:90,0
DA:102,0
DA:114,0
DA:115,0
DA:117,0
DA:122,0
DA:123,0
DA:124,0
DA:126,0
DA:128,0
DA:129,0
DA:132,0
DA:133,0
DA:145,0
DA:170,0
DA:171,0
DA:173,0
DA:181,0
DA:182,0
DA:185,0
DA:186,0
DA:198,0
DA:203,0
DA:213,0
DA:216,0
DA:233,0
DA:234,0
LF:49
LH:0
BRDA:25,0,0,0
BRDA:25,0,1,0
BRDA:56,1,0,0
BRDA:56,1,1,0
BRDA:79,2,0,0
BRDA:79,2,1,0
BRDA:114,3,0,0
BRDA:114,3,1,0
BRDA:128,4,0,0
BRDA:128,4,1,0
BRDA:178,5,0,0
BRDA:178,5,1,0
BRDA:181,6,0,0
BRDA:181,6,1,0
BRF:14
BRH:0
end_of_record
TN:
SF:src/services/payment.js
FN:11,(anonymous_0)
FN:20,(anonymous_1)
FN:173,(anonymous_2)
FN:238,(anonymous_3)
FN:269,(anonymous_4)
FN:270,(anonymous_5)
FN:278,(anonymous_6)
FN:279,(anonymous_7)
FN:282,(anonymous_8)
FN:369,(anonymous_9)
FN:413,(anonymous_10)
FN:422,(anonymous_11)
FN:431,(anonymous_12)
FN:444,(anonymous_13)
FNF:14
FNH:0
FNDA:0,(anonymous_0)
FNDA:0,(anonymous_1)
FNDA:0,(anonymous_2)
FNDA:0,(anonymous_3)
FNDA:0,(anonymous_4)
FNDA:0,(anonymous_5)
FNDA:0,(anonymous_6)
FNDA:0,(anonymous_7)
FNDA:0,(anonymous_8)
FNDA:0,(anonymous_9)
FNDA:0,(anonymous_10)
FNDA:0,(anonymous_11)
FNDA:0,(anonymous_12)
FNDA:0,(anonymous_13)
DA:12,0
DA:21,0
DA:32,0
DA:35,0
DA:50,0
DA:51,0
DA:58,0
DA:61,0
DA:62,0
DA:63,0
DA:65,0
DA:66,0
DA:73,0
DA:74,0
DA:82,0
DA:83,0
DA:91,0
DA:92,0
DA:95,0
DA:111,0
DA:143,0
DA:151,0
DA:161,0
DA:162,0
DA:174,0
DA:175,0
DA:176,0
DA:177,0
DA:178,0
DA:179,0
DA:182,0
DA:188,0
DA:189,0
DA:193,0
DA:203,0
DA:204,0
DA:205,0
DA:206,0
DA:211,0
DA:214,0
DA:217,0
DA:222,0
DA:230,0
DA:231,0
DA:239,0
DA:240,0
DA:241,0
DA:244,0
DA:250,0
DA:270,0
DA:271,0
DA:277,0
DA:278,0
DA:279,0
DA:280,0
DA:282,0
DA:283,0
DA:284,0
DA:285,0
DA:286,0
DA:289,0
DA:295,0
DA:296,0
DA:297,0
DA:299,0
DA:302,0
DA:303,0
DA:314,0
DA:315,0
DA:321,0
DA:322,0
DA:323,0
DA:325,0
DA:326,0
DA:329,0
DA:330,0
DA:333,0
DA:336,0
DA:344,0
DA:350,0
DA:353,0
DA:354,0
DA:356,0
DA:358,0
DA:360,0
DA:370,0
DA:372,0
DA:374,0
DA:383,0
DA:385,0
DA:394,0
DA:406,0
DA:414,0
DA:415,0
DA:416,0
DA:423,0
DA:424,0
DA:425,0
DA:432,0
DA:438,0
DA:445,0
DA:446,0
DA:452,0
DA:453,0
DA:460,0
DA:461,0
DA:469,0
DA:479,0
DA:489,0
DA:498,0
DA:505,0
DA:506,0
LF:112
LH:0
BRDA:31,0,0,0
BRDA:50,1,0,0
BRDA:50,1,1,0
BRDA:65,2,0,0
BRDA:65,2,1,0
BRDA:73,3,0,0
BRDA:73,3,1,0
BRDA:82,4,0,0
BRDA:82,4,1,0
BRDA:120,5,0,0
BRDA:120,5,1,0
BRDA:188,6,0,0
BRDA:188,6,1,0
BRDA:383,7,0,0
BRDA:383,7,1,0
BRDA:444,8,0,0
BRDA:452,9,0,0
BRDA:452,9,1,0
BRDA:460,10,0,0
BRDA:460,10,1,0
BRDA:474,11,0,0
BRDA:474,11,1,0
BRF:22
BRH:0
end_of_record
TN:
SF:src/services/ticketValidation.js
FN:11,(anonymous_0)
FN:125,(anonymous_1)
FN:181,(anonymous_2)
FN:224,(anonymous_3)
FN:242,(anonymous_4)
FN:243,(anonymous_5)
FN:269,(anonymous_6)
FN:290,(anonymous_7)
FNF:8
FNH:0
FNDA:0,(anonymous_0)
FNDA:0,(anonymous_1)
FNDA:0,(anonymous_2)
FNDA:0,(anonymous_3)
FNDA:0,(anonymous_4)
FNDA:0,(anonymous_5)
FNDA:0,(anonymous_6)
FNDA:0,(anonymous_7)
DA:12,0
DA:14,0
DA:26,0
DA:27,0
DA:28,0
DA:35,0
DA:38,0
DA:39,0
DA:40,0
DA:50,0
DA:51,0
DA:52,0
DA:54,0
DA:55,0
DA:56,0
DA:64,0
DA:65,0
DA:66,0
DA:75,0
DA:87,0
DA:89,0
DA:112,0
DA:113,0
DA:114,0
DA:126,0
DA:138,0
DA:140,0
DA:150,0
DA:152,0
DA:153,0
DA:155,0
DA:156,0
DA:158,0
DA:159,0
DA:161,0
DA:162,0
DA:164,0
DA:165,0
DA:167,0
DA:168,0
DA:171,0
DA:172,0
DA:175,0
DA:179,0
DA:181,0
DA:212,0
DA:213,0
DA:225,0
DA:226,0
DA:234,0
DA:235,0
DA:238,0
DA:240,0
DA:242,0
DA:243,0
DA:247,0
DA:248,0
DA:251,0
DA:257,0
DA:258,0
DA:270,0
DA:271,0
DA:283,0
DA:291,0
DA:292,0
DA:298,0
DA:299,0
DA:306,0
DA:318,0
DA:320,0
DA:326,0
DA:327,0
LF:72
LH:0
BRDA:11,0,0,0
BRDA:11,1,0,0
BRDA:11,2,0,0
BRDA:11,3,0,0
BRDA:26,4,0,0
BRDA:26,4,1,0
BRDA:38,5,0,0
BRDA:38,5,1,0
BRDA:54,6,0,0
BRDA:54,6,1,0
BRDA:64,7,0,0
BRDA:64,7,1,0
BRDA:80,8,0,0
BRDA:80,8,1,0
BRDA:81,9,0,0
BRDA:81,9,1,0
BRDA:95,10,0,0
BRDA:95,10,1,0
BRDA:96,11,0,0
BRDA:96,11,1,0
BRDA:136,12,0,0
BRDA:137,13,0,0
BRDA:152,14,0,0
BRDA:152,14,1,0
BRDA:155,15,0,0
BRDA:155,15,1,0
BRDA:158,16,0,0
BRDA:158,16,1,0
BRDA:161,17,0,0
BRDA:161,17,1,0
BRDA:164,18,0,0
BRDA:164,18,1,0
BRDA:167,19,0,0
BRDA:167,19,1,0
BRDA:171,20,0,0
BRDA:171,20,1,0
BRDA:224,21,0,0
BRDA:234,22,0,0
BRDA:234,22,1,0
BRDA:247,23,0,0
BRDA:247,23,1,0
BRDA:269,24,0,0
BRDA:290,25,0,0
BRDA:298,26,0,0
BRDA:298,26,1,0
BRF:45
BRH:0
end_of_record
